Epoch 1:	Time 3.433375 s
Loss (train) 4.274892	KL loss (train): 0.925867
Reconstruction loss (train) 4.274883	Diffusion loss (train): 0.000000
Loss (test) 4.046798	KL loss (test): 1.417366
Reconstruction loss (test) 4.046783	Diffusion loss (test): 0.000000
State population:
[0.0000000e+00 0.0000000e+00 0.0000000e+00 8.9017805e-03 0.0000000e+00
 0.0000000e+00 0.0000000e+00 0.0000000e+00 0.0000000e+00 2.1671000e-04
 0.0000000e+00 0.0000000e+00 2.9172501e-04 0.0000000e+00 0.0000000e+00
 2.6640329e-01 2.0004001e-04 0.0000000e+00 0.0000000e+00 0.0000000e+00
 0.0000000e+00 0.0000000e+00 0.0000000e+00 4.6342602e-03 0.0000000e+00
 0.0000000e+00 0.0000000e+00 0.0000000e+00 5.3844103e-03 3.1964727e-02
 0.0000000e+00 0.0000000e+00 2.9089150e-03 0.0000000e+00 0.0000000e+00
 0.0000000e+00 0.0000000e+00 0.0000000e+00 0.0000000e+00 0.0000000e+00
 0.0000000e+00 0.0000000e+00 0.0000000e+00 0.0000000e+00 0.0000000e+00
 1.8320331e-01 0.0000000e+00 0.0000000e+00 0.0000000e+00 0.0000000e+00
 0.0000000e+00 2.6396947e-02 0.0000000e+00 0.0000000e+00 0.0000000e+00
 0.0000000e+00 0.0000000e+00 3.5340402e-03 0.0000000e+00 0.0000000e+00
 0.0000000e+00 0.0000000e+00 0.0000000e+00 0.0000000e+00 0.0000000e+00
 0.0000000e+00 0.0000000e+00 0.0000000e+00 0.0000000e+00 0.0000000e+00
 0.0000000e+00 0.0000000e+00 0.0000000e+00 0.0000000e+00 0.0000000e+00
 0.0000000e+00 0.0000000e+00 0.0000000e+00 0.0000000e+00 0.0000000e+00
 0.0000000e+00 0.0000000e+00 8.3350005e-06 0.0000000e+00 1.4586251e-03
 0.0000000e+00 0.0000000e+00 0.0000000e+00 0.0000000e+00 0.0000000e+00
 5.5177703e-02 9.9769952e-03 0.0000000e+00 0.0000000e+00 0.0000000e+00
 0.0000000e+00 0.0000000e+00 0.0000000e+00 3.9933822e-01 0.0000000e+00]
Relative state population change=3.059251
training loss change=4.274892
Epoch 2:	Time 4.799615 s
Loss (train) 3.992867	KL loss (train): 1.706728
Reconstruction loss (train) 3.992850	Diffusion loss (train): 0.000000
Loss (test) 3.982946	KL loss (test): 1.927360
Reconstruction loss (test) 3.982926	Diffusion loss (test): 0.000000
State population:
[0.0000000e+00 0.0000000e+00 0.0000000e+00 7.3348003e-04 0.0000000e+00
 0.0000000e+00 0.0000000e+00 2.8572381e-02 0.0000000e+00 0.0000000e+00
 0.0000000e+00 0.0000000e+00 0.0000000e+00 0.0000000e+00 0.0000000e+00
 0.0000000e+00 7.2822899e-02 0.0000000e+00 0.0000000e+00 0.0000000e+00
 0.0000000e+00 0.0000000e+00 0.0000000e+00 1.6428286e-01 5.7594851e-03
 0.0000000e+00 0.0000000e+00 0.0000000e+00 3.2514837e-02 9.2718542e-02
 0.0000000e+00 0.0000000e+00 0.0000000e+00 0.0000000e+00 0.0000000e+00
 0.0000000e+00 0.0000000e+00 0.0000000e+00 0.0000000e+00 0.0000000e+00
 0.0000000e+00 0.0000000e+00 0.0000000e+00 4.5342403e-03 0.0000000e+00
 2.4338202e-03 0.0000000e+00 0.0000000e+00 0.0000000e+00 0.0000000e+00
 0.0000000e+00 1.5669800e-02 0.0000000e+00 0.0000000e+00 0.0000000e+00
 0.0000000e+00 0.0000000e+00 0.0000000e+00 0.0000000e+00 0.0000000e+00
 0.0000000e+00 0.0000000e+00 0.0000000e+00 3.3340002e-05 0.0000000e+00
 0.0000000e+00 0.0000000e+00 0.0000000e+00 0.0000000e+00 0.0000000e+00
 6.3262652e-03 0.0000000e+00 0.0000000e+00 0.0000000e+00 0.0000000e+00
 0.0000000e+00 0.0000000e+00 0.0000000e+00 0.0000000e+00 0.0000000e+00
 0.0000000e+00 4.3150298e-02 5.6177904e-03 0.0000000e+00 0.0000000e+00
 0.0000000e+00 0.0000000e+00 0.0000000e+00 0.0000000e+00 0.0000000e+00
 2.5871009e-01 0.0000000e+00 0.0000000e+00 0.0000000e+00 0.0000000e+00
 0.0000000e+00 0.0000000e+00 0.0000000e+00 2.6611990e-01 0.0000000e+00]
Relative state population change=185.657288
training loss change=-0.282025
Epoch 3:	Time 6.117083 s
Loss (train) 3.956370	KL loss (train): 2.101284
Reconstruction loss (train) 3.956348	Diffusion loss (train): 0.000000
Loss (test) 3.963229	KL loss (test): 2.255477
Reconstruction loss (test) 3.963207	Diffusion loss (test): 0.000000
State population:
[0.00000000e+00 0.00000000e+00 0.00000000e+00 8.09328537e-03
 0.00000000e+00 0.00000000e+00 0.00000000e+00 5.78365661e-02
 0.00000000e+00 0.00000000e+00 0.00000000e+00 1.25775151e-02
 0.00000000e+00 0.00000000e+00 0.00000000e+00 3.03644054e-02
 1.00970194e-01 0.00000000e+00 0.00000000e+00 0.00000000e+00
 0.00000000e+00 0.00000000e+00 0.00000000e+00 1.00303397e-01
 0.00000000e+00 0.00000000e+00 0.00000000e+00 2.25045005e-04
 4.11248915e-02 1.60348743e-01 0.00000000e+00 0.00000000e+00
 0.00000000e+00 0.00000000e+00 0.00000000e+00 0.00000000e+00
 0.00000000e+00 0.00000000e+00 0.00000000e+00 0.00000000e+00
 0.00000000e+00 0.00000000e+00 0.00000000e+00 0.00000000e+00
 0.00000000e+00 3.05061019e-03 0.00000000e+00 0.00000000e+00
 0.00000000e+00 0.00000000e+00 0.00000000e+00 1.47529505e-03
 0.00000000e+00 1.09188503e-03 0.00000000e+00 0.00000000e+00
 0.00000000e+00 0.00000000e+00 0.00000000e+00 0.00000000e+00
 0.00000000e+00 0.00000000e+00 0.00000000e+00 0.00000000e+00
 0.00000000e+00 0.00000000e+00 0.00000000e+00 0.00000000e+00
 0.00000000e+00 0.00000000e+00 0.00000000e+00 0.00000000e+00
 0.00000000e+00 0.00000000e+00 0.00000000e+00 0.00000000e+00
 0.00000000e+00 0.00000000e+00 0.00000000e+00 0.00000000e+00
 1.77202113e-02 6.96806051e-03 7.65153021e-03 0.00000000e+00
 0.00000000e+00 1.00936852e-02 0.00000000e+00 0.00000000e+00
 0.00000000e+00 0.00000000e+00 1.98339671e-01 0.00000000e+00
 0.00000000e+00 0.00000000e+00 0.00000000e+00 0.00000000e+00
 0.00000000e+00 0.00000000e+00 2.41765022e-01 0.00000000e+00]
Relative state population change=2.603087
training loss change=-0.036497
Epoch 4:	Time 7.710532 s
Loss (train) 3.941145	KL loss (train): 2.388832
Reconstruction loss (train) 3.941121	Diffusion loss (train): 0.000000
Loss (test) 3.951083	KL loss (test): 2.507584
Reconstruction loss (test) 3.951058	Diffusion loss (test): 0.000000
State population:
[0.         0.         0.         0.00495099 0.         0.
 0.         0.05295226 0.         0.         0.         0.01923718
 0.         0.         0.         0.         0.09434387 0.
 0.         0.         0.         0.         0.         0.11928219
 0.         0.         0.         0.         0.00949357 0.1412866
 0.         0.         0.         0.         0.         0.
 0.         0.         0.         0.         0.         0.
 0.         0.         0.         0.         0.         0.
 0.         0.         0.         0.00335067 0.         0.00482597
 0.         0.         0.         0.         0.         0.
 0.         0.         0.         0.00568447 0.         0.
 0.         0.         0.         0.         0.         0.
 0.         0.         0.         0.         0.         0.
 0.         0.         0.         0.00230046 0.02191272 0.
 0.         0.         0.         0.         0.         0.
 0.2611939  0.         0.         0.         0.         0.
 0.         0.         0.25918517 0.        ]
Relative state population change=1.140749
training loss change=-0.015225
Epoch 5:	Time 15.591969 s
Loss (train) 3.932650	KL loss (train): 2.628471
Reconstruction loss (train) 3.932626	Diffusion loss (train): 0.000000
Loss (test) 3.946882	KL loss (test): 2.719346
Reconstruction loss (test) 3.946855	Diffusion loss (test): 0.000000
State population:
[0.0000000e+00 1.5003001e-04 0.0000000e+00 0.0000000e+00 0.0000000e+00
 0.0000000e+00 0.0000000e+00 2.8839102e-03 0.0000000e+00 0.0000000e+00
 0.0000000e+00 8.1683003e-04 0.0000000e+00 0.0000000e+00 0.0000000e+00
 0.0000000e+00 9.4160497e-02 0.0000000e+00 0.0000000e+00 0.0000000e+00
 0.0000000e+00 0.0000000e+00 0.0000000e+00 6.8055280e-02 0.0000000e+00
 0.0000000e+00 0.0000000e+00 0.0000000e+00 1.0160365e-02 0.0000000e+00
 0.0000000e+00 0.0000000e+00 0.0000000e+00 0.0000000e+00 0.0000000e+00
 0.0000000e+00 0.0000000e+00 0.0000000e+00 0.0000000e+00 0.0000000e+00
 0.0000000e+00 7.0505768e-02 0.0000000e+00 0.0000000e+00 0.0000000e+00
 8.0016005e-04 0.0000000e+00 0.0000000e+00 0.0000000e+00 0.0000000e+00
 0.0000000e+00 3.1839702e-02 0.0000000e+00 3.6674002e-03 0.0000000e+00
 0.0000000e+00 0.0000000e+00 0.0000000e+00 0.0000000e+00 0.0000000e+00
 0.0000000e+00 0.0000000e+00 0.0000000e+00 3.5090351e-03 0.0000000e+00
 0.0000000e+00 0.0000000e+00 0.0000000e+00 0.0000000e+00 0.0000000e+00
 0.0000000e+00 0.0000000e+00 0.0000000e+00 0.0000000e+00 0.0000000e+00
 0.0000000e+00 0.0000000e+00 0.0000000e+00 0.0000000e+00 0.0000000e+00
 0.0000000e+00 1.7503501e-04 1.7846903e-01 0.0000000e+00 0.0000000e+00
 2.2162765e-02 0.0000000e+00 0.0000000e+00 0.0000000e+00 0.0000000e+00
 2.5733480e-01 0.0000000e+00 0.0000000e+00 0.0000000e+00 0.0000000e+00
 0.0000000e+00 0.0000000e+00 0.0000000e+00 2.5530940e-01 0.0000000e+00]
Relative state population change=3.028380
training loss change=-0.008495
Epoch 6:	Time 17.236774 s
Loss (train) 3.926745	KL loss (train): 2.846750
Reconstruction loss (train) 3.926717	Diffusion loss (train): 0.000000
Loss (test) 3.941202	KL loss (test): 2.952058
Reconstruction loss (test) 3.941172	Diffusion loss (test): 0.000000
State population:
[0.0000000e+00 8.3350005e-06 0.0000000e+00 0.0000000e+00 0.0000000e+00
 0.0000000e+00 0.0000000e+00 8.3308332e-02 0.0000000e+00 0.0000000e+00
 0.0000000e+00 9.1685004e-05 0.0000000e+00 0.0000000e+00 0.0000000e+00
 1.0835500e-04 1.1960725e-02 0.0000000e+00 0.0000000e+00 0.0000000e+00
 0.0000000e+00 0.0000000e+00 0.0000000e+00 1.4141995e-01 0.0000000e+00
 0.0000000e+00 0.0000000e+00 7.5015007e-05 6.0745481e-02 3.8591053e-02
 0.0000000e+00 0.0000000e+00 0.0000000e+00 0.0000000e+00 0.0000000e+00
 0.0000000e+00 0.0000000e+00 0.0000000e+00 0.0000000e+00 0.0000000e+00
 0.0000000e+00 0.0000000e+00 0.0000000e+00 0.0000000e+00 0.0000000e+00
 1.4161166e-02 0.0000000e+00 0.0000000e+00 0.0000000e+00 0.0000000e+00
 0.0000000e+00 1.7345136e-02 0.0000000e+00 1.5503101e-03 0.0000000e+00
 0.0000000e+00 0.0000000e+00 0.0000000e+00 0.0000000e+00 0.0000000e+00
 0.0000000e+00 0.0000000e+00 0.0000000e+00 6.8597053e-03 0.0000000e+00
 0.0000000e+00 0.0000000e+00 0.0000000e+00 0.0000000e+00 0.0000000e+00
 0.0000000e+00 0.0000000e+00 0.0000000e+00 0.0000000e+00 0.0000000e+00
 0.0000000e+00 0.0000000e+00 0.0000000e+00 0.0000000e+00 0.0000000e+00
 5.0726812e-02 2.5005002e-05 3.0591953e-01 0.0000000e+00 0.0000000e+00
 1.6736681e-02 0.0000000e+00 0.0000000e+00 0.0000000e+00 0.0000000e+00
 5.2002069e-02 0.0000000e+00 0.0000000e+00 0.0000000e+00 0.0000000e+00
 0.0000000e+00 0.0000000e+00 0.0000000e+00 1.9836468e-01 0.0000000e+00]
Relative state population change=8.251348
training loss change=-0.005905
Epoch 7:	Time 18.920521 s
Loss (train) 3.923450	KL loss (train): 3.065608
Reconstruction loss (train) 3.923419	Diffusion loss (train): 0.000000
Loss (test) 3.938102	KL loss (test): 3.166507
Reconstruction loss (test) 3.938071	Diffusion loss (test): 0.000000
State population:
[0.         0.00146696 0.         0.01413616 0.         0.
 0.         0.05696139 0.         0.         0.         0.01790358
 0.08898447 0.         0.         0.         0.04489231 0.
 0.         0.         0.         0.         0.         0.14216177
 0.         0.         0.         0.         0.04702607 0.07898246
 0.         0.         0.         0.         0.         0.
 0.         0.         0.         0.         0.         0.
 0.         0.         0.         0.         0.         0.
 0.         0.         0.         0.00931853 0.         0.00940188
 0.         0.         0.         0.         0.         0.
 0.         0.         0.         0.00425085 0.         0.00440921
 0.         0.         0.         0.         0.         0.
 0.         0.         0.         0.         0.         0.
 0.         0.         0.         0.33911783 0.01395279 0.
 0.         0.         0.         0.         0.         0.
 0.         0.         0.         0.         0.         0.
 0.         0.         0.12703374 0.        ]
Relative state population change=3111.685303
training loss change=-0.003295
Epoch 8:	Time 20.529247 s
Loss (train) 3.920668	KL loss (train): 3.279322
Reconstruction loss (train) 3.920635	Diffusion loss (train): 0.000000
Loss (test) 3.935942	KL loss (test): 3.369125
Reconstruction loss (test) 3.935908	Diffusion loss (test): 0.000000
State population:
[0.         0.         0.         0.         0.         0.
 0.         0.10824665 0.         0.         0.         0.00720978
 0.03322331 0.         0.         0.08275822 0.10861339 0.
 0.         0.         0.         0.         0.         0.03168134
 0.         0.         0.         0.         0.00039175 0.11191405
 0.         0.         0.         0.         0.         0.
 0.         0.         0.         0.         0.         0.
 0.         0.         0.         0.         0.         0.
 0.         0.         0.         0.00312563 0.         0.0141445
 0.         0.         0.         0.         0.         0.
 0.         0.         0.         0.0288391  0.         0.
 0.         0.         0.         0.         0.         0.
 0.         0.         0.         0.         0.         0.
 0.         0.         0.         0.04612589 0.00415917 0.
 0.         0.0251467  0.         0.         0.         0.
 0.19027139 0.         0.         0.         0.         0.
 0.         0.         0.20414916 0.        ]
Relative state population change=1.660160
training loss change=-0.002782
Epoch 9:	Time 22.235159 s
Loss (train) 3.917724	KL loss (train): 3.495378
Reconstruction loss (train) 3.917692	Diffusion loss (train): 0.000000
Loss (test) 3.932552	KL loss (test): 3.600478
Reconstruction loss (test) 3.932517	Diffusion loss (test): 0.000000
State population:
[0.         0.         0.         0.         0.         0.
 0.         0.09096819 0.         0.         0.         0.01807862
 0.         0.         0.         0.09306028 0.00775989 0.
 0.         0.         0.         0.         0.         0.14096986
 0.         0.         0.         0.01593652 0.00845169 0.10424585
 0.         0.         0.         0.         0.         0.
 0.         0.         0.         0.         0.         0.
 0.         0.         0.         0.00350904 0.         0.
 0.         0.         0.         0.00575115 0.         0.01044376
 0.00088351 0.         0.         0.         0.         0.
 0.         0.         0.         0.01365273 0.         0.00481763
 0.         0.         0.         0.         0.         0.
 0.         0.         0.         0.         0.         0.
 0.         0.         0.         0.16309929 0.0521771  0.
 0.         0.00312563 0.         0.         0.         0.
 0.02232947 0.         0.         0.         0.         0.
 0.         0.         0.24073981 0.        ]
Relative state population change=6.029814
training loss change=-0.002944
Epoch 10:	Time 25.781250 s
Loss (train) 3.915359	KL loss (train): 3.725740
Reconstruction loss (train) 3.915322	Diffusion loss (train): 0.000000
Loss (test) 3.932177	KL loss (test): 3.786576
Reconstruction loss (test) 3.932139	Diffusion loss (test): 0.000000
State population:
[0.00000000e+00 2.80889519e-03 0.00000000e+00 5.23438025e-03
 0.00000000e+00 0.00000000e+00 0.00000000e+00 7.73654729e-02
 0.00000000e+00 0.00000000e+00 0.00000000e+00 3.74241523e-03
 1.18365340e-01 0.00000000e+00 0.00000000e+00 0.00000000e+00
 6.44295523e-03 0.00000000e+00 0.00000000e+00 0.00000000e+00
 0.00000000e+00 0.00000000e+00 0.00000000e+00 1.02420487e-01
 0.00000000e+00 0.00000000e+00 0.00000000e+00 0.00000000e+00
 7.83656761e-02 4.37579185e-01 0.00000000e+00 0.00000000e+00
 0.00000000e+00 0.00000000e+00 0.00000000e+00 0.00000000e+00
 0.00000000e+00 0.00000000e+00 0.00000000e+00 0.00000000e+00
 0.00000000e+00 0.00000000e+00 0.00000000e+00 0.00000000e+00
 0.00000000e+00 3.44735608e-02 0.00000000e+00 0.00000000e+00
 0.00000000e+00 0.00000000e+00 0.00000000e+00 1.93205308e-02
 0.00000000e+00 7.95159023e-03 0.00000000e+00 0.00000000e+00
 0.00000000e+00 0.00000000e+00 0.00000000e+00 0.00000000e+00
 0.00000000e+00 0.00000000e+00 0.00000000e+00 1.35027003e-02
 0.00000000e+00 0.00000000e+00 0.00000000e+00 0.00000000e+00
 0.00000000e+00 0.00000000e+00 0.00000000e+00 0.00000000e+00
 0.00000000e+00 0.00000000e+00 0.00000000e+00 0.00000000e+00
 0.00000000e+00 0.00000000e+00 0.00000000e+00 0.00000000e+00
 0.00000000e+00 1.30609451e-02 2.41715010e-04 0.00000000e+00
 0.00000000e+00 2.38797758e-02 1.95872504e-03 0.00000000e+00
 0.00000000e+00 0.00000000e+00 1.00020006e-04 0.00000000e+00
 0.00000000e+00 0.00000000e+00 0.00000000e+00 0.00000000e+00
 0.00000000e+00 0.00000000e+00 5.31856380e-02 0.00000000e+00]
Relative state population change=3.359385
training loss change=-0.002365
Epoch 11:	Time 27.501800 s
Loss (train) 3.913081	KL loss (train): 3.932170
Reconstruction loss (train) 3.913043	Diffusion loss (train): 0.000000
Loss (test) 3.930009	KL loss (test): 4.011891
Reconstruction loss (test) 3.929971	Diffusion loss (test): 0.000000
State population:
[0.         0.00545109 0.         0.         0.         0.
 0.         0.11535641 0.         0.         0.         0.02236281
 0.         0.         0.         0.         0.07595686 0.
 0.         0.         0.         0.         0.         0.05507768
 0.00495933 0.         0.         0.         0.00190872 0.13672735
 0.         0.         0.         0.         0.         0.
 0.         0.         0.         0.         0.         0.
 0.         0.         0.         0.         0.         0.
 0.         0.         0.         0.         0.         0.00591785
 0.         0.         0.         0.         0.         0.
 0.         0.         0.         0.01306928 0.         0.01908715
 0.         0.         0.         0.         0.         0.
 0.         0.         0.         0.         0.         0.
 0.         0.         0.         0.14234513 0.02975595 0.
 0.         0.0015003  0.         0.         0.         0.
 0.12642528 0.         0.         0.         0.         0.
 0.         0.         0.24409881 0.        ]
Relative state population change=291.126587
training loss change=-0.002279
Epoch 12:	Time 29.214980 s
Loss (train) 3.911368	KL loss (train): 4.155874
Reconstruction loss (train) 3.911327	Diffusion loss (train): 0.000000
Loss (test) 3.928761	KL loss (test): 4.234050
Reconstruction loss (test) 3.928718	Diffusion loss (test): 0.000000
State population:
[0.0000000e+00 7.8015602e-03 0.0000000e+00 4.7009401e-03 0.0000000e+00
 0.0000000e+00 0.0000000e+00 9.6744351e-02 0.0000000e+00 0.0000000e+00
 0.0000000e+00 6.1262255e-03 7.0264051e-03 0.0000000e+00 0.0000000e+00
 0.0000000e+00 3.2889910e-02 0.0000000e+00 0.0000000e+00 0.0000000e+00
 0.0000000e+00 0.0000000e+00 0.0000000e+00 1.2320797e-01 3.3340001e-04
 0.0000000e+00 0.0000000e+00 1.8337001e-04 2.1170902e-03 2.1441789e-01
 0.0000000e+00 0.0000000e+00 0.0000000e+00 0.0000000e+00 0.0000000e+00
 0.0000000e+00 0.0000000e+00 0.0000000e+00 0.0000000e+00 0.0000000e+00
 0.0000000e+00 0.0000000e+00 0.0000000e+00 0.0000000e+00 2.5005002e-05
 2.5005002e-05 0.0000000e+00 0.0000000e+00 0.0000000e+00 0.0000000e+00
 0.0000000e+00 0.0000000e+00 0.0000000e+00 8.4433556e-03 0.0000000e+00
 0.0000000e+00 0.0000000e+00 0.0000000e+00 0.0000000e+00 0.0000000e+00
 0.0000000e+00 0.0000000e+00 0.0000000e+00 9.1518303e-03 0.0000000e+00
 4.1675001e-05 0.0000000e+00 0.0000000e+00 0.0000000e+00 0.0000000e+00
 0.0000000e+00 0.0000000e+00 0.0000000e+00 0.0000000e+00 0.0000000e+00
 0.0000000e+00 0.0000000e+00 0.0000000e+00 0.0000000e+00 0.0000000e+00
 0.0000000e+00 6.4012803e-02 6.0012005e-04 0.0000000e+00 0.0000000e+00
 1.7020071e-02 0.0000000e+00 1.6670001e-05 0.0000000e+00 0.0000000e+00
 1.6723345e-01 0.0000000e+00 0.0000000e+00 0.0000000e+00 0.0000000e+00
 0.0000000e+00 0.0000000e+00 0.0000000e+00 2.3788092e-01 0.0000000e+00]
Relative state population change=2.662687
training loss change=-0.001713
Epoch 13:	Time 30.685509 s
Loss (train) 3.910346	KL loss (train): 4.371583
Reconstruction loss (train) 3.910301	Diffusion loss (train): 0.000000
Loss (test) 3.927037	KL loss (test): 4.444507
Reconstruction loss (test) 3.926992	Diffusion loss (test): 0.000000
State population:
[0.00000000e+00 8.81842989e-03 0.00000000e+00 3.69240507e-03
 0.00000000e+00 0.00000000e+00 0.00000000e+00 1.17740214e-01
 0.00000000e+00 0.00000000e+00 0.00000000e+00 3.22564505e-03
 0.00000000e+00 0.00000000e+00 0.00000000e+00 0.00000000e+00
 8.32833201e-02 0.00000000e+00 0.00000000e+00 0.00000000e+00
 0.00000000e+00 0.00000000e+00 0.00000000e+00 5.53193986e-02
 0.00000000e+00 0.00000000e+00 0.00000000e+00 0.00000000e+00
 7.80156022e-03 1.06029540e-01 0.00000000e+00 0.00000000e+00
 0.00000000e+00 0.00000000e+00 0.00000000e+00 0.00000000e+00
 0.00000000e+00 0.00000000e+00 0.00000000e+00 0.00000000e+00
 0.00000000e+00 0.00000000e+00 0.00000000e+00 0.00000000e+00
 0.00000000e+00 2.50050016e-05 0.00000000e+00 0.00000000e+00
 0.00000000e+00 0.00000000e+00 0.00000000e+00 0.00000000e+00
 0.00000000e+00 3.08395014e-03 0.00000000e+00 0.00000000e+00
 0.00000000e+00 0.00000000e+00 0.00000000e+00 0.00000000e+00
 0.00000000e+00 0.00000000e+00 0.00000000e+00 3.00893513e-03
 0.00000000e+00 7.41815008e-03 0.00000000e+00 0.00000000e+00
 0.00000000e+00 0.00000000e+00 0.00000000e+00 0.00000000e+00
 0.00000000e+00 0.00000000e+00 0.00000000e+00 0.00000000e+00
 0.00000000e+00 0.00000000e+00 0.00000000e+00 0.00000000e+00
 0.00000000e+00 4.03247327e-02 1.41945053e-02 0.00000000e+00
 0.00000000e+00 2.24544909e-02 0.00000000e+00 8.33500053e-06
 0.00000000e+00 0.00000000e+00 2.79997677e-01 2.83390022e-04
 0.00000000e+00 0.00000000e+00 0.00000000e+00 0.00000000e+00
 0.00000000e+00 0.00000000e+00 2.43290320e-01 0.00000000e+00]
Relative state population change=38.054024
training loss change=-0.001023
Epoch 14:	Time 32.216465 s
Loss (train) 3.909260	KL loss (train): 4.602413
Reconstruction loss (train) 3.909212	Diffusion loss (train): 0.000000
Loss (test) 3.926912	KL loss (test): 4.677346
Reconstruction loss (test) 3.926865	Diffusion loss (test): 0.000000
State population:
[0.0000000e+00 1.1443956e-02 0.0000000e+00 0.0000000e+00 0.0000000e+00
 0.0000000e+00 0.0000000e+00 1.1013036e-01 0.0000000e+00 0.0000000e+00
 0.0000000e+00 4.1091554e-03 0.0000000e+00 0.0000000e+00 0.0000000e+00
 0.0000000e+00 4.1825030e-02 0.0000000e+00 0.0000000e+00 0.0000000e+00
 0.0000000e+00 0.0000000e+00 0.0000000e+00 9.0293057e-02 6.6263252e-03
 0.0000000e+00 0.0000000e+00 0.0000000e+00 6.0012005e-04 9.5344067e-02
 0.0000000e+00 0.0000000e+00 0.0000000e+00 0.0000000e+00 0.0000000e+00
 0.0000000e+00 0.0000000e+00 0.0000000e+00 0.0000000e+00 0.0000000e+00
 0.0000000e+00 0.0000000e+00 0.0000000e+00 0.0000000e+00 2.5005002e-05
 0.0000000e+00 0.0000000e+00 0.0000000e+00 0.0000000e+00 0.0000000e+00
 0.0000000e+00 0.0000000e+00 0.0000000e+00 1.0810495e-02 0.0000000e+00
 0.0000000e+00 0.0000000e+00 0.0000000e+00 0.0000000e+00 0.0000000e+00
 0.0000000e+00 0.0000000e+00 0.0000000e+00 6.1762352e-03 0.0000000e+00
 1.3627726e-02 0.0000000e+00 0.0000000e+00 0.0000000e+00 0.0000000e+00
 0.0000000e+00 0.0000000e+00 0.0000000e+00 0.0000000e+00 0.0000000e+00
 0.0000000e+00 0.0000000e+00 0.0000000e+00 0.0000000e+00 0.0000000e+00
 1.0289558e-01 3.9574582e-02 2.4079816e-02 0.0000000e+00 0.0000000e+00
 2.0129025e-02 0.0000000e+00 2.6672002e-04 0.0000000e+00 0.0000000e+00
 1.7562680e-01 2.4171501e-04 0.0000000e+00 0.0000000e+00 0.0000000e+00
 0.0000000e+00 0.0000000e+00 0.0000000e+00 2.4617423e-01 0.0000000e+00]
Relative state population change=7.157698
training loss change=-0.001086
Epoch 15:	Time 41.511614 s
Loss (train) 3.908689	KL loss (train): 4.845401
Reconstruction loss (train) 3.908640	Diffusion loss (train): 0.000000
Loss (test) 3.926017	KL loss (test): 4.939623
Reconstruction loss (test) 3.925968	Diffusion loss (test): 0.000000
State population:
[0.00000000e+00 1.67700201e-02 0.00000000e+00 2.91725009e-04
 0.00000000e+00 0.00000000e+00 0.00000000e+00 7.84073472e-02
 0.00000000e+00 0.00000000e+00 0.00000000e+00 8.33500053e-06
 9.39521268e-02 0.00000000e+00 0.00000000e+00 0.00000000e+00
 6.13956116e-02 0.00000000e+00 0.00000000e+00 0.00000000e+00
 0.00000000e+00 0.00000000e+00 0.00000000e+00 7.29312524e-02
 0.00000000e+00 0.00000000e+00 0.00000000e+00 0.00000000e+00
 1.41528305e-02 1.73176304e-01 0.00000000e+00 0.00000000e+00
 0.00000000e+00 0.00000000e+00 0.00000000e+00 0.00000000e+00
 0.00000000e+00 0.00000000e+00 0.00000000e+00 0.00000000e+00
 0.00000000e+00 4.83430020e-04 0.00000000e+00 0.00000000e+00
 5.41775022e-04 1.58365001e-04 0.00000000e+00 0.00000000e+00
 0.00000000e+00 0.00000000e+00 0.00000000e+00 3.41818370e-02
 0.00000000e+00 1.15023006e-03 0.00000000e+00 0.00000000e+00
 0.00000000e+00 0.00000000e+00 0.00000000e+00 0.00000000e+00
 0.00000000e+00 0.00000000e+00 0.00000000e+00 8.33500053e-06
 0.00000000e+00 5.70947537e-03 0.00000000e+00 0.00000000e+00
 0.00000000e+00 0.00000000e+00 0.00000000e+00 0.00000000e+00
 0.00000000e+00 0.00000000e+00 0.00000000e+00 0.00000000e+00
 0.00000000e+00 0.00000000e+00 0.00000000e+00 0.00000000e+00
 0.00000000e+00 2.44523898e-01 3.55987847e-02 0.00000000e+00
 0.00000000e+00 2.59801969e-02 0.00000000e+00 0.00000000e+00
 0.00000000e+00 0.00000000e+00 0.00000000e+00 0.00000000e+00
 0.00000000e+00 0.00000000e+00 0.00000000e+00 0.00000000e+00
 0.00000000e+00 0.00000000e+00 1.40578121e-01 0.00000000e+00]
Relative state population change=6.977775
training loss change=-0.000571
Epoch 16:	Time 42.781114 s
Loss (train) 3.906951	KL loss (train): 5.084469
Reconstruction loss (train) 3.906900	Diffusion loss (train): 0.000000
Loss (test) 3.924114	KL loss (test): 5.176490
Reconstruction loss (test) 3.924064	Diffusion loss (test): 0.000000
State population:
[0.00000000e+00 9.36854072e-03 0.00000000e+00 1.70867506e-03
 0.00000000e+00 0.00000000e+00 0.00000000e+00 5.77532165e-02
 0.00000000e+00 0.00000000e+00 0.00000000e+00 5.30106016e-03
 0.00000000e+00 8.33500053e-06 0.00000000e+00 0.00000000e+00
 7.92658553e-02 0.00000000e+00 0.00000000e+00 0.00000000e+00
 0.00000000e+00 0.00000000e+00 0.00000000e+00 6.20790832e-02
 8.41835048e-03 0.00000000e+00 0.00000000e+00 0.00000000e+00
 3.05894506e-03 2.65253037e-01 0.00000000e+00 0.00000000e+00
 4.73511368e-02 0.00000000e+00 0.00000000e+00 0.00000000e+00
 0.00000000e+00 0.00000000e+00 0.00000000e+00 0.00000000e+00
 0.00000000e+00 3.66239920e-02 0.00000000e+00 0.00000000e+00
 0.00000000e+00 5.58444997e-04 0.00000000e+00 0.00000000e+00
 0.00000000e+00 0.00000000e+00 0.00000000e+00 1.09438552e-02
 0.00000000e+00 6.00120006e-03 0.00000000e+00 0.00000000e+00
 0.00000000e+00 0.00000000e+00 0.00000000e+00 0.00000000e+00
 0.00000000e+00 0.00000000e+00 0.00000000e+00 8.67673568e-03
 0.00000000e+00 1.27025405e-02 0.00000000e+00 0.00000000e+00
 0.00000000e+00 0.00000000e+00 0.00000000e+00 0.00000000e+00
 0.00000000e+00 0.00000000e+00 0.00000000e+00 0.00000000e+00
 0.00000000e+00 0.00000000e+00 0.00000000e+00 0.00000000e+00
 0.00000000e+00 5.03017269e-02 4.47922908e-02 0.00000000e+00
 0.00000000e+00 9.75195039e-03 0.00000000e+00 0.00000000e+00
 0.00000000e+00 0.00000000e+00 3.67490165e-02 0.00000000e+00
 0.00000000e+00 0.00000000e+00 0.00000000e+00 0.00000000e+00
 0.00000000e+00 0.00000000e+00 2.43331999e-01 0.00000000e+00]
Relative state population change=272.989777
training loss change=-0.001738
Epoch 17:	Time 44.041040 s
Loss (train) 3.906677	KL loss (train): 5.327039
Reconstruction loss (train) 3.906623	Diffusion loss (train): 0.000000
Loss (test) 3.924400	KL loss (test): 5.413416
Reconstruction loss (test) 3.924345	Diffusion loss (test): 0.000000
State population:
[0.0000000e+00 2.2337800e-03 0.0000000e+00 2.5005002e-05 0.0000000e+00
 0.0000000e+00 0.0000000e+00 1.0941355e-01 0.0000000e+00 0.0000000e+00
 0.0000000e+00 3.2673201e-03 4.5150697e-02 0.0000000e+00 0.0000000e+00
 0.0000000e+00 4.4675604e-02 0.0000000e+00 0.0000000e+00 0.0000000e+00
 8.3908446e-02 0.0000000e+00 0.0000000e+00 9.0568110e-02 1.2752551e-02
 0.0000000e+00 0.0000000e+00 0.0000000e+00 5.2510505e-04 2.1099220e-01
 0.0000000e+00 0.0000000e+00 0.0000000e+00 0.0000000e+00 0.0000000e+00
 0.0000000e+00 0.0000000e+00 0.0000000e+00 0.0000000e+00 0.0000000e+00
 0.0000000e+00 0.0000000e+00 0.0000000e+00 0.0000000e+00 1.2502501e-04
 8.6350599e-03 0.0000000e+00 0.0000000e+00 0.0000000e+00 0.0000000e+00
 0.0000000e+00 5.0010002e-04 0.0000000e+00 9.2101749e-03 0.0000000e+00
 0.0000000e+00 0.0000000e+00 0.0000000e+00 0.0000000e+00 0.0000000e+00
 0.0000000e+00 0.0000000e+00 0.0000000e+00 3.6340602e-02 0.0000000e+00
 2.0254051e-02 0.0000000e+00 0.0000000e+00 0.0000000e+00 0.0000000e+00
 0.0000000e+00 0.0000000e+00 0.0000000e+00 0.0000000e+00 0.0000000e+00
 0.0000000e+00 0.0000000e+00 0.0000000e+00 0.0000000e+00 0.0000000e+00
 2.7255451e-02 2.7313797e-02 6.8747081e-02 0.0000000e+00 0.0000000e+00
 4.2841900e-03 0.0000000e+00 0.0000000e+00 0.0000000e+00 0.0000000e+00
 1.4852971e-02 0.0000000e+00 0.0000000e+00 0.0000000e+00 0.0000000e+00
 0.0000000e+00 0.0000000e+00 0.0000000e+00 1.7896913e-01 0.0000000e+00]
Relative state population change=3.226390
training loss change=-0.000275
Epoch 18:	Time 45.317358 s
Loss (train) 3.906297	KL loss (train): 5.596365
Reconstruction loss (train) 3.906240	Diffusion loss (train): 0.000000
Loss (test) 3.924386	KL loss (test): 5.699677
Reconstruction loss (test) 3.924329	Diffusion loss (test): 0.000000
State population:
[0.         0.00861839 0.         0.0010002  0.         0.
 0.         0.0861589  0.         0.         0.         0.00891845
 0.         0.         0.         0.17714377 0.02996433 0.
 0.         0.         0.         0.         0.         0.10579616
 0.0039758  0.         0.         0.         0.         0.1643912
 0.         0.         0.         0.         0.         0.
 0.         0.         0.         0.         0.         0.
 0.         0.         0.00099187 0.00487598 0.         0.
 0.         0.         0.         0.01912883 0.         0.00576782
 0.         0.         0.         0.         0.         0.
 0.         0.         0.         0.02019571 0.         0.01024372
 0.         0.         0.         0.         0.         0.
 0.         0.         0.         0.         0.         0.
 0.         0.         0.         0.02207108 0.01561146 0.
 0.         0.00981029 0.         0.         0.         0.
 0.06918884 0.         0.         0.         0.         0.
 0.         0.         0.23614722 0.        ]
Relative state population change=11.399946
training loss change=-0.000380
Epoch 19:	Time 46.758213 s
Loss (train) 3.905872	KL loss (train): 5.877969
Reconstruction loss (train) 3.905814	Diffusion loss (train): 0.000000
Loss (test) 3.922317	KL loss (test): 5.996948
Reconstruction loss (test) 3.922257	Diffusion loss (test): 0.000000
State population:
[0.00000000e+00 1.81536302e-02 0.00000000e+00 4.08415013e-04
 0.00000000e+00 0.00000000e+00 0.00000000e+00 1.12080753e-01
 0.00000000e+00 0.00000000e+00 0.00000000e+00 0.00000000e+00
 0.00000000e+00 0.00000000e+00 0.00000000e+00 0.00000000e+00
 3.37067395e-02 0.00000000e+00 0.00000000e+00 0.00000000e+00
 0.00000000e+00 0.00000000e+00 0.00000000e+00 1.01578645e-01
 1.58365001e-03 0.00000000e+00 0.00000000e+00 0.00000000e+00
 1.49113154e-02 2.53225654e-01 0.00000000e+00 0.00000000e+00
 0.00000000e+00 0.00000000e+00 0.00000000e+00 0.00000000e+00
 0.00000000e+00 0.00000000e+00 0.00000000e+00 0.00000000e+00
 0.00000000e+00 0.00000000e+00 0.00000000e+00 0.00000000e+00
 3.41735024e-04 2.75055005e-04 0.00000000e+00 0.00000000e+00
 0.00000000e+00 0.00000000e+00 0.00000000e+00 0.00000000e+00
 0.00000000e+00 4.50923527e-03 1.25025006e-04 0.00000000e+00
 0.00000000e+00 0.00000000e+00 0.00000000e+00 0.00000000e+00
 0.00000000e+00 0.00000000e+00 0.00000000e+00 2.51717004e-03
 0.00000000e+00 1.00353407e-02 0.00000000e+00 0.00000000e+00
 0.00000000e+00 0.00000000e+00 0.00000000e+00 0.00000000e+00
 0.00000000e+00 0.00000000e+00 0.00000000e+00 0.00000000e+00
 0.00000000e+00 0.00000000e+00 0.00000000e+00 0.00000000e+00
 8.21831003e-02 2.65469756e-02 5.66780043e-04 0.00000000e+00
 0.00000000e+00 2.35797167e-02 0.00000000e+00 0.00000000e+00
 0.00000000e+00 0.00000000e+00 8.49586576e-02 0.00000000e+00
 0.00000000e+00 0.00000000e+00 0.00000000e+00 0.00000000e+00
 0.00000000e+00 0.00000000e+00 2.28712410e-01 0.00000000e+00]
Relative state population change=0.723289
training loss change=-0.000424
Epoch 20:	Time 48.209324 s
Loss (train) 3.904738	KL loss (train): 6.180803
Reconstruction loss (train) 3.904676	Diffusion loss (train): 0.000000
Loss (test) 3.922336	KL loss (test): 6.267626
Reconstruction loss (test) 3.922273	Diffusion loss (test): 0.000000
State population:
[0.0000000e+00 4.2425152e-03 0.0000000e+00 4.0841501e-04 0.0000000e+00
 0.0000000e+00 0.0000000e+00 5.8995131e-02 0.0000000e+00 0.0000000e+00
 0.0000000e+00 9.6185906e-03 4.4008801e-03 2.5005002e-05 0.0000000e+00
 0.0000000e+00 3.6865707e-02 0.0000000e+00 0.0000000e+00 0.0000000e+00
 0.0000000e+00 0.0000000e+00 0.0000000e+00 8.4158495e-02 4.9426551e-03
 0.0000000e+00 0.0000000e+00 0.0000000e+00 7.9849306e-03 3.5892180e-01
 0.0000000e+00 0.0000000e+00 0.0000000e+00 0.0000000e+00 0.0000000e+00
 0.0000000e+00 0.0000000e+00 0.0000000e+00 0.0000000e+00 0.0000000e+00
 0.0000000e+00 2.6146896e-02 0.0000000e+00 0.0000000e+00 0.0000000e+00
 2.9089151e-02 0.0000000e+00 0.0000000e+00 0.0000000e+00 0.0000000e+00
 0.0000000e+00 1.8345335e-02 0.0000000e+00 4.2175101e-03 1.0752151e-03
 0.0000000e+00 0.0000000e+00 0.0000000e+00 0.0000000e+00 0.0000000e+00
 0.0000000e+00 0.0000000e+00 0.0000000e+00 2.4521571e-02 0.0000000e+00
 0.0000000e+00 0.0000000e+00 0.0000000e+00 0.0000000e+00 0.0000000e+00
 0.0000000e+00 0.0000000e+00 0.0000000e+00 0.0000000e+00 0.0000000e+00
 0.0000000e+00 0.0000000e+00 0.0000000e+00 0.0000000e+00 0.0000000e+00
 0.0000000e+00 5.8628391e-02 3.0939521e-02 0.0000000e+00 0.0000000e+00
 0.0000000e+00 0.0000000e+00 0.0000000e+00 0.0000000e+00 0.0000000e+00
 1.4052810e-02 0.0000000e+00 0.0000000e+00 0.0000000e+00 0.0000000e+00
 0.0000000e+00 0.0000000e+00 0.0000000e+00 2.2241949e-01 0.0000000e+00]
Relative state population change=26.449883
training loss change=-0.001134
Epoch 21:	Time 55.202249 s
Loss (train) 3.904538	KL loss (train): 6.480407
Reconstruction loss (train) 3.904474	Diffusion loss (train): 0.000000
Loss (test) 3.922183	KL loss (test): 6.566869
Reconstruction loss (test) 3.922117	Diffusion loss (test): 0.000000
State population:
[0.00000000e+00 1.56948064e-02 0.00000000e+00 1.81703002e-03
 0.00000000e+00 0.00000000e+00 0.00000000e+00 9.53524038e-02
 0.00000000e+00 0.00000000e+00 0.00000000e+00 4.47589532e-03
 0.00000000e+00 8.33500053e-06 0.00000000e+00 5.58028258e-02
 2.44132169e-02 0.00000000e+00 0.00000000e+00 0.00000000e+00
 0.00000000e+00 0.00000000e+00 0.00000000e+00 1.16623327e-01
 1.16690004e-04 0.00000000e+00 0.00000000e+00 0.00000000e+00
 2.54634265e-02 2.57726550e-01 0.00000000e+00 0.00000000e+00
 0.00000000e+00 8.33500053e-06 0.00000000e+00 0.00000000e+00
 0.00000000e+00 0.00000000e+00 0.00000000e+00 0.00000000e+00
 0.00000000e+00 0.00000000e+00 0.00000000e+00 0.00000000e+00
 2.33380008e-04 9.80196055e-03 0.00000000e+00 0.00000000e+00
 0.00000000e+00 0.00000000e+00 0.00000000e+00 2.95892521e-03
 0.00000000e+00 6.91805035e-03 6.75135001e-04 0.00000000e+00
 0.00000000e+00 0.00000000e+00 0.00000000e+00 0.00000000e+00
 0.00000000e+00 0.00000000e+00 0.00000000e+00 1.24191504e-03
 0.00000000e+00 2.31046211e-02 0.00000000e+00 0.00000000e+00
 0.00000000e+00 0.00000000e+00 0.00000000e+00 0.00000000e+00
 0.00000000e+00 0.00000000e+00 0.00000000e+00 0.00000000e+00
 6.66800013e-04 0.00000000e+00 0.00000000e+00 0.00000000e+00
 0.00000000e+00 5.51610328e-02 2.38381000e-03 0.00000000e+00
 0.00000000e+00 5.95952524e-03 0.00000000e+00 0.00000000e+00
 0.00000000e+00 0.00000000e+00 7.06974715e-02 0.00000000e+00
 0.00000000e+00 0.00000000e+00 0.00000000e+00 0.00000000e+00
 0.00000000e+00 0.00000000e+00 2.22694546e-01 0.00000000e+00]
Relative state population change=1.513044
training loss change=-0.000200
Epoch 22:	Time 56.819025 s
Loss (train) 3.904153	KL loss (train): 6.767307
Reconstruction loss (train) 3.904086	Diffusion loss (train): 0.000000
Loss (test) 3.921469	KL loss (test): 6.896817
Reconstruction loss (test) 3.921400	Diffusion loss (test): 0.000000
State population:
[0.0000000e+00 1.4186171e-02 0.0000000e+00 4.3925452e-03 0.0000000e+00
 8.3350005e-06 0.0000000e+00 1.0146196e-01 0.0000000e+00 0.0000000e+00
 0.0000000e+00 2.4921652e-03 4.2508502e-04 8.3350005e-06 0.0000000e+00
 0.0000000e+00 5.9928652e-02 0.0000000e+00 0.0000000e+00 0.0000000e+00
 0.0000000e+00 0.0000000e+00 0.0000000e+00 8.2858235e-02 7.0097353e-03
 0.0000000e+00 0.0000000e+00 0.0000000e+00 3.4173502e-04 2.3371341e-02
 0.0000000e+00 0.0000000e+00 0.0000000e+00 2.5005002e-05 0.0000000e+00
 0.0000000e+00 0.0000000e+00 0.0000000e+00 0.0000000e+00 0.0000000e+00
 0.0000000e+00 0.0000000e+00 0.0000000e+00 0.0000000e+00 2.2504501e-04
 4.9176504e-04 0.0000000e+00 0.0000000e+00 0.0000000e+00 0.0000000e+00
 0.0000000e+00 0.0000000e+00 0.0000000e+00 4.1591651e-03 1.5753150e-03
 0.0000000e+00 0.0000000e+00 0.0000000e+00 0.0000000e+00 0.0000000e+00
 0.0000000e+00 0.0000000e+00 0.0000000e+00 7.8015602e-03 0.0000000e+00
 3.8124293e-02 0.0000000e+00 0.0000000e+00 0.0000000e+00 0.0000000e+00
 0.0000000e+00 0.0000000e+00 0.0000000e+00 0.0000000e+00 0.0000000e+00
 0.0000000e+00 0.0000000e+00 0.0000000e+00 0.0000000e+00 0.0000000e+00
 0.0000000e+00 4.6325933e-02 4.7384478e-02 0.0000000e+00 0.0000000e+00
 7.1264254e-03 0.0000000e+00 0.0000000e+00 0.0000000e+00 0.0000000e+00
 3.0811995e-01 0.0000000e+00 0.0000000e+00 0.0000000e+00 0.0000000e+00
 0.0000000e+00 0.0000000e+00 0.0000000e+00 2.4215676e-01 0.0000000e+00]
Relative state population change=12.492444
training loss change=-0.000385
Epoch 23:	Time 58.402964 s
Loss (train) 3.903552	KL loss (train): 7.095986
Reconstruction loss (train) 3.903481	Diffusion loss (train): 0.000000
Loss (test) 3.922182	KL loss (test): 7.230038
Reconstruction loss (test) 3.922109	Diffusion loss (test): 0.000000
State population:
[0.0000000e+00 1.2652530e-02 0.0000000e+00 0.0000000e+00 0.0000000e+00
 0.0000000e+00 0.0000000e+00 1.1214743e-01 0.0000000e+00 0.0000000e+00
 0.0000000e+00 0.0000000e+00 2.3463026e-02 0.0000000e+00 0.0000000e+00
 5.0010003e-05 4.4025473e-02 0.0000000e+00 0.0000000e+00 0.0000000e+00
 5.9845302e-02 0.0000000e+00 0.0000000e+00 8.1307925e-02 2.0062346e-02
 0.0000000e+00 0.0000000e+00 0.0000000e+00 0.0000000e+00 2.0458259e-01
 0.0000000e+00 0.0000000e+00 0.0000000e+00 4.1675001e-05 0.0000000e+00
 0.0000000e+00 0.0000000e+00 0.0000000e+00 0.0000000e+00 0.0000000e+00
 0.0000000e+00 0.0000000e+00 0.0000000e+00 0.0000000e+00 8.3350005e-06
 1.8670401e-03 0.0000000e+00 0.0000000e+00 0.0000000e+00 0.0000000e+00
 0.0000000e+00 0.0000000e+00 0.0000000e+00 2.2504502e-03 8.7517506e-04
 0.0000000e+00 0.0000000e+00 0.0000000e+00 0.0000000e+00 0.0000000e+00
 0.0000000e+00 0.0000000e+00 0.0000000e+00 1.9870641e-02 0.0000000e+00
 1.8253651e-03 0.0000000e+00 0.0000000e+00 0.0000000e+00 0.0000000e+00
 0.0000000e+00 0.0000000e+00 0.0000000e+00 0.0000000e+00 0.0000000e+00
 0.0000000e+00 0.0000000e+00 0.0000000e+00 0.0000000e+00 0.0000000e+00
 5.4427553e-02 1.4852971e-02 5.6011202e-03 0.0000000e+00 0.0000000e+00
 2.0095685e-02 0.0000000e+00 0.0000000e+00 0.0000000e+00 0.0000000e+00
 1.1054711e-01 0.0000000e+00 0.0000000e+00 0.0000000e+00 0.0000000e+00
 0.0000000e+00 0.0000000e+00 0.0000000e+00 2.0960025e-01 0.0000000e+00]
Relative state population change=11.224553
training loss change=-0.000600
Epoch 24:	Time 59.953746 s
Loss (train) 3.903146	KL loss (train): 7.463116
Reconstruction loss (train) 3.903071	Diffusion loss (train): 0.000000
Loss (test) 3.922386	KL loss (test): 7.608981
Reconstruction loss (test) 3.922310	Diffusion loss (test): 0.000000
State population:
[0.00000000e+00 1.76368598e-02 0.00000000e+00 4.00080025e-04
 0.00000000e+00 0.00000000e+00 0.00000000e+00 1.12930916e-01
 0.00000000e+00 0.00000000e+00 0.00000000e+00 0.00000000e+00
 1.06804691e-01 8.33500053e-06 0.00000000e+00 0.00000000e+00
 7.53150657e-02 0.00000000e+00 0.00000000e+00 0.00000000e+00
 0.00000000e+00 0.00000000e+00 0.00000000e+00 5.52110411e-02
 0.00000000e+00 0.00000000e+00 0.00000000e+00 0.00000000e+00
 4.71177585e-02 1.21115893e-01 0.00000000e+00 0.00000000e+00
 0.00000000e+00 0.00000000e+00 0.00000000e+00 0.00000000e+00
 0.00000000e+00 0.00000000e+00 0.00000000e+00 0.00000000e+00
 0.00000000e+00 0.00000000e+00 0.00000000e+00 0.00000000e+00
 0.00000000e+00 5.66780043e-04 0.00000000e+00 0.00000000e+00
 0.00000000e+00 0.00000000e+00 0.00000000e+00 0.00000000e+00
 0.00000000e+00 9.25185042e-04 7.16810056e-04 0.00000000e+00
 0.00000000e+00 0.00000000e+00 0.00000000e+00 0.00000000e+00
 0.00000000e+00 0.00000000e+00 0.00000000e+00 0.00000000e+00
 0.00000000e+00 3.55904503e-03 0.00000000e+00 0.00000000e+00
 0.00000000e+00 0.00000000e+00 2.15876498e-03 0.00000000e+00
 0.00000000e+00 0.00000000e+00 0.00000000e+00 0.00000000e+00
 2.33380008e-04 0.00000000e+00 0.00000000e+00 0.00000000e+00
 0.00000000e+00 1.32859908e-02 2.18377006e-03 0.00000000e+00
 0.00000000e+00 2.23628059e-02 0.00000000e+00 0.00000000e+00
 0.00000000e+00 0.00000000e+00 3.22222769e-01 0.00000000e+00
 0.00000000e+00 0.00000000e+00 0.00000000e+00 0.00000000e+00
 0.00000000e+00 0.00000000e+00 9.52440500e-02 0.00000000e+00]
Relative state population change=1.101108
training loss change=-0.000406
Epoch 25:	Time 69.601856 s
Loss (train) 3.902251	KL loss (train): 7.813532
Reconstruction loss (train) 3.902175	Diffusion loss (train): 0.000000
Loss (test) 3.919781	KL loss (test): 7.939177
Reconstruction loss (test) 3.919703	Diffusion loss (test): 0.000000
State population:
[0.00000000e+00 1.40111353e-02 0.00000000e+00 5.66780043e-04
 0.00000000e+00 0.00000000e+00 0.00000000e+00 1.10163696e-01
 0.00000000e+00 0.00000000e+00 0.00000000e+00 4.76762000e-03
 0.00000000e+00 0.00000000e+00 0.00000000e+00 0.00000000e+00
 7.81989768e-02 0.00000000e+00 0.00000000e+00 0.00000000e+00
 0.00000000e+00 0.00000000e+00 0.00000000e+00 5.63862771e-02
 3.69240507e-03 0.00000000e+00 0.00000000e+00 0.00000000e+00
 2.93392013e-03 3.36033881e-01 0.00000000e+00 0.00000000e+00
 0.00000000e+00 8.33500053e-06 0.00000000e+00 0.00000000e+00
 0.00000000e+00 0.00000000e+00 0.00000000e+00 0.00000000e+00
 0.00000000e+00 0.00000000e+00 0.00000000e+00 0.00000000e+00
 0.00000000e+00 2.98393006e-03 0.00000000e+00 0.00000000e+00
 0.00000000e+00 0.00000000e+00 0.00000000e+00 0.00000000e+00
 0.00000000e+00 3.95912537e-03 3.14229517e-03 0.00000000e+00
 0.00000000e+00 0.00000000e+00 0.00000000e+00 0.00000000e+00
 0.00000000e+00 0.00000000e+00 0.00000000e+00 8.84343497e-03
 0.00000000e+00 0.00000000e+00 0.00000000e+00 0.00000000e+00
 0.00000000e+00 0.00000000e+00 0.00000000e+00 0.00000000e+00
 0.00000000e+00 0.00000000e+00 0.00000000e+00 0.00000000e+00
 0.00000000e+00 0.00000000e+00 0.00000000e+00 0.00000000e+00
 0.00000000e+00 3.03644054e-02 7.88491033e-03 0.00000000e+00
 0.00000000e+00 1.10938856e-02 0.00000000e+00 0.00000000e+00
 0.00000000e+00 0.00000000e+00 8.86760652e-02 0.00000000e+00
 0.00000000e+00 0.00000000e+00 0.00000000e+00 0.00000000e+00
 0.00000000e+00 0.00000000e+00 2.36288920e-01 0.00000000e+00]
Relative state population change=1.747538
training loss change=-0.000895
Epoch 26:	Time 71.143176 s
Loss (train) 3.901891	KL loss (train): 8.198251
Reconstruction loss (train) 3.901808	Diffusion loss (train): 0.000000
Loss (test) 3.920060	KL loss (test): 8.351068
Reconstruction loss (test) 3.919976	Diffusion loss (test): 0.000000
State population:
[0.00000000e+00 9.08515044e-03 0.00000000e+00 1.82536512e-03
 0.00000000e+00 0.00000000e+00 0.00000000e+00 9.88614410e-02
 0.00000000e+00 0.00000000e+00 0.00000000e+00 6.79302542e-03
 0.00000000e+00 0.00000000e+00 0.00000000e+00 0.00000000e+00
 6.89387843e-02 0.00000000e+00 0.00000000e+00 0.00000000e+00
 0.00000000e+00 0.00000000e+00 0.00000000e+00 6.53130636e-02
 5.00100032e-05 0.00000000e+00 0.00000000e+00 0.00000000e+00
 3.54570933e-02 2.66228259e-01 0.00000000e+00 0.00000000e+00
 0.00000000e+00 8.33500053e-06 0.00000000e+00 0.00000000e+00
 0.00000000e+00 0.00000000e+00 0.00000000e+00 0.00000000e+00
 0.00000000e+00 0.00000000e+00 0.00000000e+00 0.00000000e+00
 0.00000000e+00 3.33400007e-04 0.00000000e+00 0.00000000e+00
 0.00000000e+00 0.00000000e+00 0.00000000e+00 4.66760015e-03
 0.00000000e+00 2.04207515e-03 1.66700012e-03 0.00000000e+00
 0.00000000e+00 0.00000000e+00 0.00000000e+00 0.00000000e+00
 0.00000000e+00 0.00000000e+00 0.00000000e+00 3.00476756e-02
 0.00000000e+00 7.40148034e-03 0.00000000e+00 0.00000000e+00
 0.00000000e+00 0.00000000e+00 0.00000000e+00 0.00000000e+00
 0.00000000e+00 0.00000000e+00 0.00000000e+00 0.00000000e+00
 3.50903510e-03 0.00000000e+00 0.00000000e+00 0.00000000e+00
 0.00000000e+00 5.30772805e-02 2.17543505e-02 0.00000000e+00
 0.00000000e+00 1.93955451e-02 0.00000000e+00 0.00000000e+00
 0.00000000e+00 0.00000000e+00 1.13706075e-01 0.00000000e+00
 0.00000000e+00 0.00000000e+00 0.00000000e+00 0.00000000e+00
 0.00000000e+00 0.00000000e+00 1.89837962e-01 0.00000000e+00]
Relative state population change=2.719405
training loss change=-0.000360
Update 1

Epoch 1:	Time 82.976537 s
Loss (train) 2.170587	KL loss (train): 18.483002
Reconstruction loss (train) 2.170402	Diffusion loss (train): 0.000000
Loss (test) 2.105047	KL loss (test): 18.877451
Reconstruction loss (test) 2.104858	Diffusion loss (test): 0.000000
State population:
[0.0000000e+00 1.8003600e-03 1.3335167e-01 0.0000000e+00 3.6974061e-02
 7.2456159e-02 0.0000000e+00 0.0000000e+00 3.3256650e-02 0.0000000e+00
 1.3336001e-04 0.0000000e+00 0.0000000e+00 0.0000000e+00 5.1677000e-04
 0.0000000e+00 0.0000000e+00 0.0000000e+00 4.6562645e-01 0.0000000e+00
 0.0000000e+00 2.5588450e-01]
Relative state population change=4.430667
training loss change=-1.731303
Epoch 2:	Time 84.103750 s
Loss (train) 2.086725	KL loss (train): 19.255919
Reconstruction loss (train) 2.086531	Diffusion loss (train): 0.000000
Loss (test) 2.083922	KL loss (test): 19.585167
Reconstruction loss (test) 2.083727	Diffusion loss (test): 0.000000
State population:
[0.0000000e+00 0.0000000e+00 1.3570213e-01 2.5005002e-05 3.9174501e-03
 8.8134296e-02 0.0000000e+00 0.0000000e+00 3.5165366e-02 0.0000000e+00
 4.9176504e-04 0.0000000e+00 0.0000000e+00 0.0000000e+00 4.6676002e-04
 0.0000000e+00 0.0000000e+00 0.0000000e+00 4.8087952e-01 0.0000000e+00
 0.0000000e+00 2.5521770e-01]
Relative state population change=1.004592
training loss change=-0.083863
Epoch 3:	Time 85.039040 s
Loss (train) 2.075471	KL loss (train): 19.928469
Reconstruction loss (train) 2.075271	Diffusion loss (train): 0.000000
Loss (test) 2.076030	KL loss (test): 20.162367
Reconstruction loss (test) 2.075828	Diffusion loss (test): 0.000000
State population:
[0.0000000e+00 0.0000000e+00 1.3797760e-01 1.3419350e-03 1.9245517e-02
 7.2264455e-02 0.0000000e+00 0.0000000e+00 4.0141363e-02 0.0000000e+00
 5.8345002e-05 0.0000000e+00 0.0000000e+00 0.0000000e+00 3.5840503e-04
 2.4171501e-04 0.0000000e+00 0.0000000e+00 4.7400314e-01 0.0000000e+00
 0.0000000e+00 2.5436753e-01]
Relative state population change=17.606726
training loss change=-0.011254
Epoch 4:	Time 86.027871 s
Loss (train) 2.069261	KL loss (train): 20.388731
Reconstruction loss (train) 2.069057	Diffusion loss (train): 0.000000
Loss (test) 2.073159	KL loss (test): 20.588356
Reconstruction loss (test) 2.072954	Diffusion loss (test): 0.000000
State population:
[0.0000000e+00 0.0000000e+00 1.2134927e-01 1.5503101e-03 1.8445356e-02
 7.8815766e-02 0.0000000e+00 0.0000000e+00 4.5709141e-02 0.0000000e+00
 0.0000000e+00 0.0000000e+00 0.0000000e+00 0.0000000e+00 1.2752550e-03
 7.5015007e-05 0.0000000e+00 0.0000000e+00 4.7560346e-01 0.0000000e+00
 0.0000000e+00 2.5717643e-01]
Relative state population change=0.899314
training loss change=-0.006210
Epoch 5:	Time 87.042324 s
Loss (train) 2.057380	KL loss (train): 20.796667
Reconstruction loss (train) 2.057173	Diffusion loss (train): 0.000000
Loss (test) 2.031850	KL loss (test): 21.017727
Reconstruction loss (test) 2.031640	Diffusion loss (test): 0.000000
State population:
[0.         0.         0.12669201 0.00344236 0.02520504 0.06557978
 0.         0.         0.48297992 0.         0.         0.
 0.         0.         0.00205041 0.         0.         0.
 0.034982   0.         0.00435921 0.25470927]
Relative state population change=3.255718
training loss change=-0.011881
Epoch 6:	Time 87.975056 s
Loss (train) 2.013868	KL loss (train): 21.258211
Reconstruction loss (train) 2.013655	Diffusion loss (train): 0.000000
Loss (test) 2.010415	KL loss (test): 21.433943
Reconstruction loss (test) 2.010201	Diffusion loss (test): 0.000000
State population:
[0.0000000e+00 0.0000000e+00 1.2630859e-01 3.0589451e-03 0.0000000e+00
 9.1810025e-02 0.0000000e+00 0.0000000e+00 5.0599289e-01 8.3350005e-06
 0.0000000e+00 0.0000000e+00 0.0000000e+00 0.0000000e+00 3.2423150e-03
 0.0000000e+00 0.0000000e+00 0.0000000e+00 8.1182905e-03 0.0000000e+00
 6.0345400e-03 2.5542608e-01]
Relative state population change=0.500000
training loss change=-0.043512
Epoch 7:	Time 88.992088 s
Loss (train) 2.005615	KL loss (train): 21.629719
Reconstruction loss (train) 2.005399	Diffusion loss (train): 0.000000
Loss (test) 2.005618	KL loss (test): 21.775431
Reconstruction loss (test) 2.005400	Diffusion loss (test): 0.000000
State population:
[0.         0.         0.13079283 0.00373408 0.00096686 0.08595052
 0.         0.         0.51108557 0.         0.         0.
 0.         0.         0.0035007  0.         0.         0.
 0.00637628 0.         0.00304228 0.2545509 ]
Relative state population change=0.387646
training loss change=-0.008254
Epoch 8:	Time 90.044469 s
Loss (train) 2.002960	KL loss (train): 21.929430
Reconstruction loss (train) 2.002741	Diffusion loss (train): 0.000000
Loss (test) 2.003321	KL loss (test): 22.049892
Reconstruction loss (test) 2.003102	Diffusion loss (test): 0.000000
State population:
[0.         0.         0.13657731 0.00225045 0.00109189 0.07798226
 0.         0.         0.5124025  0.         0.         0.
 0.         0.         0.00370908 0.         0.         0.
 0.00458425 0.         0.0071431  0.2542592 ]
Relative state population change=0.481275
training loss change=-0.002654
Epoch 9:	Time 90.878522 s
Loss (train) 2.001311	KL loss (train): 22.238279
Reconstruction loss (train) 2.001088	Diffusion loss (train): 0.000000
Loss (test) 2.002171	KL loss (test): 22.355886
Reconstruction loss (test) 2.001947	Diffusion loss (test): 0.000000
State population:
[0.         0.         0.12618357 0.         0.         0.08736748
 0.         0.         0.5165783  0.00455924 0.         0.
 0.         0.         0.00309229 0.         0.         0.
 0.0044759  0.         0.00394246 0.25380075]
Relative state population change=0.499925
training loss change=-0.001650
Epoch 10:	Time 91.644966 s
Loss (train) 2.000215	KL loss (train): 22.550644
Reconstruction loss (train) 1.999988	Diffusion loss (train): 0.000000
Loss (test) 2.001132	KL loss (test): 22.671640
Reconstruction loss (test) 2.000905	Diffusion loss (test): 0.000000
State population:
[0.         0.         0.13624391 0.         0.00059179 0.08010769
 0.         0.         0.51708674 0.00319231 0.         0.
 0.         0.         0.00304228 0.         0.         0.
 0.0044759  0.         0.00190872 0.25335068]
Relative state population change=0.214920
training loss change=-0.001096
Epoch 11:	Time 92.390529 s
Loss (train) 1.998026	KL loss (train): 22.795029
Reconstruction loss (train) 1.997798	Diffusion loss (train): 0.000000
Loss (test) 1.997510	KL loss (test): 22.909847
Reconstruction loss (test) 1.997281	Diffusion loss (test): 0.000000
State population:
[0.0000000e+00 0.0000000e+00 1.3110955e-01 0.0000000e+00 2.8339000e-03
 7.7257119e-02 0.0000000e+00 0.0000000e+00 5.2325463e-01 3.5923852e-03
 0.0000000e+00 0.0000000e+00 0.0000000e+00 0.0000000e+00 3.6674002e-03
 0.0000000e+00 0.0000000e+00 0.0000000e+00 4.1591651e-03 0.0000000e+00
 4.7509503e-04 2.5365072e-01]
Relative state population change=1.290323
training loss change=-0.002189
Epoch 12:	Time 93.139713 s
Loss (train) 1.993598	KL loss (train): 23.047554
Reconstruction loss (train) 1.993368	Diffusion loss (train): 0.000000
Loss (test) 1.995345	KL loss (test): 23.157635
Reconstruction loss (test) 1.995113	Diffusion loss (test): 0.000000
State population:
[0.         0.         0.13787757 0.         0.00171701 0.07629859
 0.         0.         0.51857036 0.00318397 0.         0.
 0.         0.         0.00346736 0.         0.         0.
 0.00468427 0.         0.00289225 0.2513086 ]
Relative state population change=1.702124
training loss change=-0.004428
Epoch 13:	Time 93.888829 s
Loss (train) 1.992243	KL loss (train): 23.291742
Reconstruction loss (train) 1.992010	Diffusion loss (train): 0.000000
Loss (test) 1.993788	KL loss (test): 23.406025
Reconstruction loss (test) 1.993553	Diffusion loss (test): 0.000000
State population:
[0.0000000e+00 0.0000000e+00 1.3053444e-01 0.0000000e+00 1.6670001e-05
 8.4666930e-02 0.0000000e+00 0.0000000e+00 5.1710343e-01 3.5090351e-03
 0.0000000e+00 0.0000000e+00 0.0000000e+00 0.0000000e+00 3.9174501e-03
 0.0000000e+00 0.0000000e+00 0.0000000e+00 2.1754352e-03 0.0000000e+00
 4.8176302e-03 2.5325897e-01]
Relative state population change=0.441324
training loss change=-0.001354
Epoch 14:	Time 94.639153 s
Loss (train) 1.990779	KL loss (train): 23.550606
Reconstruction loss (train) 1.990543	Diffusion loss (train): 0.000000
Loss (test) 1.992893	KL loss (test): 23.643383
Reconstruction loss (test) 1.992656	Diffusion loss (test): 0.000000
State population:
[0.0000000e+00 0.0000000e+00 1.3717744e-01 6.6680004e-05 5.5427752e-03
 6.9872305e-02 0.0000000e+00 0.0000000e+00 5.2322966e-01 1.8920450e-03
 0.0000000e+00 0.0000000e+00 0.0000000e+00 0.0000000e+00 3.4173501e-03
 0.0000000e+00 0.0000000e+00 0.0000000e+00 3.5673801e-03 0.0000000e+00
 1.7086751e-03 2.5352570e-01]
Relative state population change=110.500534
training loss change=-0.001464
Epoch 15:	Time 95.393227 s
Loss (train) 1.989707	KL loss (train): 23.751114
Reconstruction loss (train) 1.989468	Diffusion loss (train): 0.000000
Loss (test) 1.991990	KL loss (test): 23.823465
Reconstruction loss (test) 1.991752	Diffusion loss (test): 0.000000
State population:
[0.         0.         0.13075115 0.         0.         0.08256651
 0.         0.         0.5213626  0.00331733 0.         0.
 0.         0.         0.00460092 0.         0.         0.
 0.00319231 0.         0.00270054 0.25150862]
Relative state population change=0.554141
training loss change=-0.001073
Epoch 16:	Time 96.145144 s
Loss (train) 1.989106	KL loss (train): 23.937023
Reconstruction loss (train) 1.988866	Diffusion loss (train): 0.000000
Loss (test) 1.991346	KL loss (test): 24.052971
Reconstruction loss (test) 1.991106	Diffusion loss (test): 0.000000
State population:
[0.         0.         0.12455825 0.         0.         0.08767587
 0.         0.         0.5224045  0.00415083 0.         0.
 0.         0.         0.00503434 0.         0.         0.
 0.0019754  0.         0.00093352 0.25326732]
Relative state population change=0.285390
training loss change=-0.000601
Epoch 17:	Time 96.900140 s
Loss (train) 1.988625	KL loss (train): 24.162935
Reconstruction loss (train) 1.988384	Diffusion loss (train): 0.000000
Loss (test) 1.989818	KL loss (test): 24.266989
Reconstruction loss (test) 1.989575	Diffusion loss (test): 0.000000
State population:
[0.         0.         0.12442488 0.         0.00123358 0.08172468
 0.         0.         0.52456325 0.00374242 0.         0.
 0.         0.         0.00279223 0.         0.         0.
 0.00390912 0.         0.00109189 0.25651798]
Relative state population change=0.387274
training loss change=-0.000481
Epoch 18:	Time 97.650824 s
Loss (train) 1.986032	KL loss (train): 24.322258
Reconstruction loss (train) 1.985788	Diffusion loss (train): 0.000000
Loss (test) 1.987745	KL loss (test): 24.401245
Reconstruction loss (test) 1.987501	Diffusion loss (test): 0.000000
State population:
[0.00000000e+00 0.00000000e+00 1.24041475e-01 0.00000000e+00
 5.08435012e-04 8.56587961e-02 0.00000000e+00 0.00000000e+00
 5.22346139e-01 3.88411013e-03 0.00000000e+00 0.00000000e+00
 0.00000000e+00 0.00000000e+00 3.10895522e-03 0.00000000e+00
 0.00000000e+00 0.00000000e+00 3.72574525e-03 0.00000000e+00
 2.45882501e-03 2.54267514e-01]
Relative state population change=0.463291
training loss change=-0.002593
Epoch 19:	Time 98.412601 s
Loss (train) 1.985012	KL loss (train): 24.500971
Reconstruction loss (train) 1.984767	Diffusion loss (train): 0.000000
Loss (test) 1.986721	KL loss (test): 24.594423
Reconstruction loss (test) 1.986475	Diffusion loss (test): 0.000000
State population:
[0.         0.         0.12640028 0.         0.         0.0869924
 0.         0.         0.5197706  0.00388411 0.         0.
 0.         0.         0.00340068 0.         0.         0.
 0.00326732 0.         0.0029756  0.25330898]
Relative state population change=0.344603
training loss change=-0.001020
Epoch 20:	Time 99.181359 s
Loss (train) 1.984357	KL loss (train): 24.695065
Reconstruction loss (train) 1.984110	Diffusion loss (train): 0.000000
Loss (test) 1.986595	KL loss (test): 24.788568
Reconstruction loss (test) 1.986346	Diffusion loss (test): 0.000000
State population:
[0.00000000e+00 0.00000000e+00 1.24208175e-01 0.00000000e+00
 2.50050012e-04 8.72674510e-02 0.00000000e+00 0.00000000e+00
 5.20570755e-01 3.83410021e-03 0.00000000e+00 0.00000000e+00
 0.00000000e+00 0.00000000e+00 2.93392013e-03 0.00000000e+00
 0.00000000e+00 0.00000000e+00 3.85077018e-03 0.00000000e+00
 2.03374005e-03 2.55051017e-01]
Relative state population change=0.137587
training loss change=-0.000654
Epoch 21:	Time 99.942209 s
Loss (train) 1.983457	KL loss (train): 24.857382
Reconstruction loss (train) 1.983207	Diffusion loss (train): 0.000000
Loss (test) 1.986668	KL loss (test): 24.911406
Reconstruction loss (test) 1.986419	Diffusion loss (test): 0.000000
State population:
[0.0000000e+00 0.0000000e+00 1.2797560e-01 0.0000000e+00 3.6674002e-04
 8.5383743e-02 0.0000000e+00 0.0000000e+00 5.2087915e-01 3.6007201e-03
 0.0000000e+00 0.0000000e+00 0.0000000e+00 0.0000000e+00 3.8174302e-03
 0.0000000e+00 0.0000000e+00 0.0000000e+00 2.4421550e-03 0.0000000e+00
 4.1675003e-04 2.5511768e-01]
Relative state population change=0.346333
training loss change=-0.000901
Epoch 22:	Time 100.951939 s
Loss (train) 1.982954	KL loss (train): 24.994614
Reconstruction loss (train) 1.982705	Diffusion loss (train): 0.000000
Loss (test) 1.985742	KL loss (test): 25.055672
Reconstruction loss (test) 1.985492	Diffusion loss (test): 0.000000
State population:
[0.0000000e+00 0.0000000e+00 1.2484997e-01 0.0000000e+00 1.4169501e-04
 8.4925316e-02 0.0000000e+00 0.0000000e+00 5.1911217e-01 4.0924852e-03
 0.0000000e+00 0.0000000e+00 0.0000000e+00 0.0000000e+00 4.2341803e-03
 0.0000000e+00 0.0000000e+00 0.0000000e+00 3.9341203e-03 0.0000000e+00
 4.3175300e-03 2.5439253e-01]
Relative state population change=3.133875
training loss change=-0.000503
Epoch 23:	Time 101.918398 s
Loss (train) 1.982918	KL loss (train): 25.106771
Reconstruction loss (train) 1.982666	Diffusion loss (train): 0.000000
Loss (test) 1.985735	KL loss (test): 25.223804
Reconstruction loss (test) 1.985483	Diffusion loss (test): 0.000000
State population:
[0.         0.         0.12628359 0.         0.         0.08606721
 0.         0.         0.52046245 0.00420918 0.         0.
 0.         0.         0.00410082 0.         0.         0.
 0.00394246 0.         0.00200873 0.25292557]
Relative state population change=0.378318
training loss change=-0.000036
Epoch 24:	Time 104.614838 s
Loss (train) 1.982464	KL loss (train): 25.303829
Reconstruction loss (train) 1.982211	Diffusion loss (train): 0.000000
Loss (test) 1.984852	KL loss (test): 25.402637
Reconstruction loss (test) 1.984598	Diffusion loss (test): 0.000000
State population:
[0.         0.         0.12230779 0.         0.         0.08860105
 0.         0.         0.5183203  0.0043092  0.         0.
 0.         0.         0.00470094 0.         0.         0.
 0.00436754 0.         0.00386744 0.2535257 ]
Relative state population change=0.333858
training loss change=-0.000453
Epoch 25:	Time 105.547988 s
Loss (train) 1.981963	KL loss (train): 25.448999
Reconstruction loss (train) 1.981709	Diffusion loss (train): 0.000000
Loss (test) 1.984741	KL loss (test): 25.513496
Reconstruction loss (test) 1.984485	Diffusion loss (test): 0.000000
State population:
[0.         0.         0.12024072 0.         0.         0.08837601
 0.         0.         0.52174604 0.00455924 0.         0.
 0.         0.         0.00475929 0.         0.         0.
 0.00340068 0.         0.00324232 0.25367573]
Relative state population change=0.099367
training loss change=-0.000501
Update 2

Epoch 1:	Time 106.585028 s
Loss (train) 0.897309	KL loss (train): 26.279518
Reconstruction loss (train) 0.897046	Diffusion loss (train): 0.000000
Loss (test) 0.813327	KL loss (test): 26.317226
Reconstruction loss (test) 0.813064	Diffusion loss (test): 0.000000
State population:
[0.10289558 0.07112256 0.56876373 0.         0.         0.
 0.         0.25721812]
Relative state population change=0.713025
training loss change=-1.084654
Epoch 2:	Time 113.601551 s
Loss (train) 0.783338	KL loss (train): 26.367125
Reconstruction loss (train) 0.783073	Diffusion loss (train): 0.000000
Loss (test) 0.757847	KL loss (test): 26.417099
Reconstruction loss (test) 0.757583	Diffusion loss (test): 0.000000
State population:
[0.14017804 0.0638211  0.53999966 0.         0.         0.
 0.         0.2560012 ]
Relative state population change=0.190003
training loss change=-0.113971
Epoch 3:	Time 114.574702 s
Loss (train) 0.747893	KL loss (train): 26.464342
Reconstruction loss (train) 0.747628	Diffusion loss (train): 0.000000
Loss (test) 0.736322	KL loss (test): 26.501635
Reconstruction loss (test) 0.736057	Diffusion loss (test): 0.000000
State population:
[0.12269121 0.07104754 0.5488014  0.         0.         0.
 0.         0.25745982]
Relative state population change=0.084677
training loss change=-0.035444
Epoch 4:	Time 115.506597 s
Loss (train) 0.732733	KL loss (train): 26.542889
Reconstruction loss (train) 0.732468	Diffusion loss (train): 0.000000
Loss (test) 0.724368	KL loss (test): 26.565779
Reconstruction loss (test) 0.724103	Diffusion loss (test): 0.000000
State population:
[0.11398113 0.07333967 0.5544859  0.         0.         0.
 0.         0.2581933 ]
Relative state population change=0.039358
training loss change=-0.015160
Epoch 5:	Time 116.388034 s
Loss (train) 0.723038	KL loss (train): 26.595709
Reconstruction loss (train) 0.722773	Diffusion loss (train): 0.000000
Loss (test) 0.716654	KL loss (test): 26.647289
Reconstruction loss (test) 0.716388	Diffusion loss (test): 0.000000
State population:
[0.10234547 0.08342502 0.5576032  0.         0.         0.
 0.         0.25662634]
Relative state population change=0.085732
training loss change=-0.009695
Epoch 6:	Time 117.340446 s
Loss (train) 0.716761	KL loss (train): 26.681875
Reconstruction loss (train) 0.716494	Diffusion loss (train): 0.000000
Loss (test) 0.711345	KL loss (test): 26.719103
Reconstruction loss (test) 0.711078	Diffusion loss (test): 0.000000
State population:
[0.10537941 0.07623191 0.56129557 0.         0.         0.
 0.         0.25709307]
Relative state population change=0.045717
training loss change=-0.006278
Epoch 7:	Time 118.334088 s
Loss (train) 0.712476	KL loss (train): 26.736116
Reconstruction loss (train) 0.712209	Diffusion loss (train): 0.000000
Loss (test) 0.708299	KL loss (test): 26.772755
Reconstruction loss (test) 0.708031	Diffusion loss (test): 0.000000
State population:
[0.10242882 0.07099754 0.5680803  0.         0.         0.
 0.         0.25849336]
Relative state population change=0.037665
training loss change=-0.004285
Epoch 8:	Time 129.655287 s
Loss (train) 0.709564	KL loss (train): 26.792109
Reconstruction loss (train) 0.709296	Diffusion loss (train): 0.000000
Loss (test) 0.706737	KL loss (test): 26.817589
Reconstruction loss (test) 0.706469	Diffusion loss (test): 0.000000
State population:
[0.09265187 0.0853504  0.5635127  0.         0.         0.
 0.         0.25848502]
Relative state population change=0.111853
training loss change=-0.002912
Epoch 9:	Time 130.654969 s
Loss (train) 0.707472	KL loss (train): 26.840273
Reconstruction loss (train) 0.707203	Diffusion loss (train): 0.000000
Loss (test) 0.705372	KL loss (test): 26.878654
Reconstruction loss (test) 0.705104	Diffusion loss (test): 0.000000
State population:
[0.090018   0.08388344 0.5667217  0.         0.         0.
 0.         0.25937688]
Relative state population change=0.016940
training loss change=-0.002092
Epoch 10:	Time 131.567436 s
Loss (train) 0.705599	KL loss (train): 26.880512
Reconstruction loss (train) 0.705331	Diffusion loss (train): 0.000000
Loss (test) 0.701937	KL loss (test): 26.908129
Reconstruction loss (test) 0.701668	Diffusion loss (test): 0.000000
State population:
[0.09048476 0.08438354 0.5677052  0.         0.         0.
 0.         0.25742647]
Relative state population change=0.005522
training loss change=-0.001872
Epoch 11:	Time 132.392657 s
Loss (train) 0.704020	KL loss (train): 26.918409
Reconstruction loss (train) 0.703752	Diffusion loss (train): 0.000000
Loss (test) 0.700468	KL loss (test): 26.943079
Reconstruction loss (test) 0.700199	Diffusion loss (test): 0.000000
State population:
[0.09246016 0.08256651 0.56627995 0.         0.         0.
 0.         0.2586934 ]
Relative state population change=0.015579
training loss change=-0.001579
Epoch 12:	Time 133.320183 s
Loss (train) 0.702931	KL loss (train): 26.973747
Reconstruction loss (train) 0.702662	Diffusion loss (train): 0.000000
Loss (test) 0.700974	KL loss (test): 26.992781
Reconstruction loss (test) 0.700704	Diffusion loss (test): 0.000000
State population:
[0.09581083 0.08455025 0.5605038  0.         0.         0.
 0.         0.25913516]
Relative state population change=0.022347
training loss change=-0.001089
Epoch 13:	Time 134.154369 s
Loss (train) 0.702338	KL loss (train): 27.000677
Reconstruction loss (train) 0.702068	Diffusion loss (train): 0.000000
Loss (test) 0.698423	KL loss (test): 27.027481
Reconstruction loss (test) 0.698153	Diffusion loss (test): 0.000000
State population:
[0.09258518 0.0811829  0.56961393 0.         0.         0.
 0.         0.256618  ]
Relative state population change=0.027740
training loss change=-0.000594
Epoch 14:	Time 140.303598 s
Loss (train) 0.701398	KL loss (train): 27.040186
Reconstruction loss (train) 0.701128	Diffusion loss (train): 0.000000
Loss (test) 0.697100	KL loss (test): 27.056236
Reconstruction loss (test) 0.696829	Diffusion loss (test): 0.000000
State population:
[0.09737781 0.07619024 0.56849706 0.         0.         0.
 0.         0.25793493]
Relative state population change=0.040286
training loss change=-0.000940
Epoch 15:	Time 141.341491 s
Loss (train) 0.700371	KL loss (train): 27.065468
Reconstruction loss (train) 0.700100	Diffusion loss (train): 0.000000
Loss (test) 0.696772	KL loss (test): 27.083553
Reconstruction loss (test) 0.696501	Diffusion loss (test): 0.000000
State population:
[0.09100987 0.0778239  0.571656   0.         0.         0.
 0.         0.25951025]
Relative state population change=0.034657
training loss change=-0.001027
Epoch 16:	Time 142.233956 s
Loss (train) 0.699587	KL loss (train): 27.090702
Reconstruction loss (train) 0.699316	Diffusion loss (train): 0.000000
Loss (test) 0.696115	KL loss (test): 27.110741
Reconstruction loss (test) 0.695844	Diffusion loss (test): 0.000000
State population:
[0.08869274 0.07537341 0.5763986  0.         0.         0.
 0.         0.25953525]
Relative state population change=0.020667
training loss change=-0.000783
Epoch 17:	Time 145.407264 s
Loss (train) 0.698913	KL loss (train): 27.117725
Reconstruction loss (train) 0.698642	Diffusion loss (train): 0.000000
Loss (test) 0.695690	KL loss (test): 27.142559
Reconstruction loss (test) 0.695418	Diffusion loss (test): 0.000000
State population:
[0.0951607  0.07473161 0.5705391  0.         0.         0.
 0.         0.25956857]
Relative state population change=0.037061
training loss change=-0.000674
Epoch 18:	Time 146.119629 s
Loss (train) 0.698391	KL loss (train): 27.167889
Reconstruction loss (train) 0.698120	Diffusion loss (train): 0.000000
Loss (test) 0.694251	KL loss (test): 27.198534
Reconstruction loss (test) 0.693979	Diffusion loss (test): 0.000000
State population:
[0.09506901 0.07829066 0.5690721  0.         0.         0.
 0.         0.25756818]
Relative state population change=0.024161
training loss change=-0.000522
Epoch 19:	Time 146.800430 s
Loss (train) 0.697912	KL loss (train): 27.196754
Reconstruction loss (train) 0.697640	Diffusion loss (train): 0.000000
Loss (test) 0.694620	KL loss (test): 27.206047
Reconstruction loss (test) 0.694348	Diffusion loss (test): 0.000000
State population:
[0.10177036 0.07580683 0.5652297  0.         0.         0.
 0.         0.25719312]
Relative state population change=0.038804
training loss change=-0.000480
Epoch 20:	Time 147.441609 s
Loss (train) 0.697532	KL loss (train): 27.226763
Reconstruction loss (train) 0.697260	Diffusion loss (train): 0.000000
Loss (test) 0.693879	KL loss (test): 27.266140
Reconstruction loss (test) 0.693607	Diffusion loss (test): 0.000000
State population:
[0.09679436 0.08014936 0.56566316 0.         0.         0.
 0.         0.25739315]
Relative state population change=0.037661
training loss change=-0.000379
Epoch 21:	Time 148.158095 s
Loss (train) 0.697091	KL loss (train): 27.278057
Reconstruction loss (train) 0.696818	Diffusion loss (train): 0.000000
Loss (test) 0.693615	KL loss (test): 27.290035
Reconstruction loss (test) 0.693342	Diffusion loss (test): 0.000000
State population:
[0.09353537 0.07794059 0.5696889  0.         0.         0.
 0.         0.2588351 ]
Relative state population change=0.022221
training loss change=-0.000441
Update 3

Epoch 1:	Time 148.943553 s
Loss (train) 0.559908	KL loss (train): 27.438839
Reconstruction loss (train) 0.559633	Diffusion loss (train): 0.000000
Loss (test) 0.560153	KL loss (test): 27.449312
Reconstruction loss (test) 0.559879	Diffusion loss (test): 0.000000
State population:
[0.07129759 0.06602154 0.60502934 0.25765154]
Relative state population change=0.144723
training loss change=-0.137183
Epoch 2:	Time 149.882456 s
Loss (train) 0.558127	KL loss (train): 27.466084
Reconstruction loss (train) 0.557852	Diffusion loss (train): 0.000000
Loss (test) 0.559903	KL loss (test): 27.480249
Reconstruction loss (test) 0.559628	Diffusion loss (test): 0.000000
State population:
[0.06938054 0.06472128 0.6093719  0.2565263 ]
Relative state population change=0.017186
training loss change=-0.001781
Epoch 3:	Time 154.892480 s
Loss (train) 0.557730	KL loss (train): 27.496435
Reconstruction loss (train) 0.557455	Diffusion loss (train): 0.000000
Loss (test) 0.560407	KL loss (test): 27.499676
Reconstruction loss (test) 0.560132	Diffusion loss (test): 0.000000
State population:
[0.07772388 0.05902014 0.60392076 0.2593352 ]
Relative state population change=0.074867
training loss change=-0.000397
Epoch 4:	Time 155.820806 s
Loss (train) 0.557799	KL loss (train): 27.525976
Reconstruction loss (train) 0.557524	Diffusion loss (train): 0.000000
Loss (test) 0.559295	KL loss (test): 27.565004
Reconstruction loss (test) 0.559019	Diffusion loss (test): 0.000000
State population:
[0.06516303 0.0690138  0.60750484 0.25831833]
Relative state population change=0.117089
training loss change=0.000069
Epoch 5:	Time 156.760451 s
Loss (train) 0.557341	KL loss (train): 27.584379
Reconstruction loss (train) 0.557066	Diffusion loss (train): 0.000000
Loss (test) 0.560000	KL loss (test): 27.594818
Reconstruction loss (test) 0.559724	Diffusion loss (test): 0.000000
State population:
[0.06432953 0.06154564 0.6137811  0.26034373]
Relative state population change=0.054868
training loss change=-0.000458
Epoch 6:	Time 157.645128 s
Loss (train) 0.557261	KL loss (train): 27.621569
Reconstruction loss (train) 0.556985	Diffusion loss (train): 0.000000
Loss (test) 0.559209	KL loss (test): 27.644426
Reconstruction loss (test) 0.558933	Diffusion loss (test): 0.000000
State population:
[0.07013069 0.06172901 0.61218077 0.2559595 ]
Relative state population change=0.045912
training loss change=-0.000080
Epoch 7:	Time 158.294638 s
Loss (train) 0.557336	KL loss (train): 27.654957
Reconstruction loss (train) 0.557059	Diffusion loss (train): 0.000000
Loss (test) 0.559147	KL loss (test): 27.668652
Reconstruction loss (test) 0.558870	Diffusion loss (test): 0.000000
State population:
[0.07144763 0.07189772 0.5979029  0.25875175]
Relative state population change=0.083893
training loss change=0.000075
Epoch 8:	Time 159.043908 s
Loss (train) 0.557074	KL loss (train): 27.680237
Reconstruction loss (train) 0.556798	Diffusion loss (train): 0.000000
Loss (test) 0.560304	KL loss (test): 27.687788
Reconstruction loss (test) 0.560027	Diffusion loss (test): 0.000000
State population:
[0.07723211 0.06827199 0.5980863  0.25640962]
Relative state population change=0.047906
training loss change=-0.000262
Update 4

Epoch 1:	Time 159.781086 s
Loss (train) 0.526204	KL loss (train): 27.706697
Reconstruction loss (train) 0.525927	Diffusion loss (train): 0.000000
Loss (test) 0.529285	KL loss (test): 27.726246
Reconstruction loss (test) 0.529008	Diffusion loss (test): 0.000000
State population:
[0.04686771 0.04651764 0.6510219  0.2555928 ]
Relative state population change=0.256880
training loss change=-0.030870
Epoch 2:	Time 160.445606 s
Loss (train) 0.525650	KL loss (train): 27.739233
Reconstruction loss (train) 0.525373	Diffusion loss (train): 0.000000
Loss (test) 0.530820	KL loss (test): 27.754223
Reconstruction loss (test) 0.530543	Diffusion loss (test): 0.000000
State population:
[0.04636761 0.0475095  0.64722943 0.25889346]
Relative state population change=0.013867
training loss change=-0.000554
Epoch 3:	Time 161.126418 s
Loss (train) 0.525558	KL loss (train): 27.776697
Reconstruction loss (train) 0.525281	Diffusion loss (train): 0.000000
Loss (test) 0.529028	KL loss (test): 27.794043
Reconstruction loss (test) 0.528750	Diffusion loss (test): 0.000000
State population:
[0.05020171 0.0444839  0.6495216  0.25579283]
Relative state population change=0.052557
training loss change=-0.000092
Epoch 4:	Time 161.796081 s
Loss (train) 0.525363	KL loss (train): 27.787125
Reconstruction loss (train) 0.525085	Diffusion loss (train): 0.000000
Loss (test) 0.530480	KL loss (test): 27.788071
Reconstruction loss (test) 0.530202	Diffusion loss (test): 0.000000
State population:
[0.05888678 0.0451507  0.63822764 0.2577349 ]
Relative state population change=0.087343
training loss change=-0.000195
Epoch 5:	Time 162.449698 s
Loss (train) 0.525276	KL loss (train): 27.804888
Reconstruction loss (train) 0.524998	Diffusion loss (train): 0.000000
Loss (test) 0.529028	KL loss (test): 27.829451
Reconstruction loss (test) 0.528750	Diffusion loss (test): 0.000000
State population:
[0.05466093 0.03984964 0.65021336 0.25527605]
Relative state population change=0.069603
training loss change=-0.000087
Epoch 6:	Time 163.115212 s
Loss (train) 0.525275	KL loss (train): 27.834854
Reconstruction loss (train) 0.524997	Diffusion loss (train): 0.000000
Loss (test) 0.529277	KL loss (test): 27.874191
Reconstruction loss (test) 0.528999	Diffusion loss (test): 0.000000
State population:
[0.04659265 0.02944756 0.668492   0.25546777]
Relative state population change=0.150596
training loss change=-0.000001
Epoch 7:	Time 163.767934 s
Loss (train) 0.525212	KL loss (train): 27.892115
Reconstruction loss (train) 0.524933	Diffusion loss (train): 0.000000
Loss (test) 0.529114	KL loss (test): 27.916962
Reconstruction loss (test) 0.528835	Diffusion loss (test): 0.000000
State population:
[0.05028506 0.04120824 0.6542142  0.25429252]
Relative state population change=0.203875
training loss change=-0.000063
Update 5

Epoch 1:	Time 166.650736 s
Loss (train) 0.451804	KL loss (train): 27.916985
Reconstruction loss (train) 0.451524	Diffusion loss (train): 0.000000
Loss (test) 0.455857	KL loss (test): 27.941132
Reconstruction loss (test) 0.455578	Diffusion loss (test): 0.000000
State population:
[0.01377776 0.00242549 0.72991264 0.2538841 ]
Relative state population change=0.597123
training loss change=-0.073408
Epoch 2:	Time 167.239297 s
Loss (train) 0.450414	KL loss (train): 27.933870
Reconstruction loss (train) 0.450134	Diffusion loss (train): 0.000000
Loss (test) 0.455173	KL loss (test): 27.956928
Reconstruction loss (test) 0.454894	Diffusion loss (test): 0.000000
State population:
[0.00788491 0.00330066 0.7346469  0.2541675 ]
Relative state population change=0.279809
training loss change=-0.001390
Epoch 3:	Time 167.827721 s
Loss (train) 0.450200	KL loss (train): 27.971823
Reconstruction loss (train) 0.449921	Diffusion loss (train): 0.000000
Loss (test) 0.453706	KL loss (test): 28.009415
Reconstruction loss (test) 0.453426	Diffusion loss (test): 0.000000
State population:
[0.01353604 0.00643462 0.73040444 0.24962492]
Relative state population change=0.594886
training loss change=-0.000213
Epoch 4:	Time 168.665426 s
Loss (train) 0.449897	KL loss (train): 28.011395
Reconstruction loss (train) 0.449616	Diffusion loss (train): 0.000000
Loss (test) 0.453692	KL loss (test): 28.052860
Reconstruction loss (test) 0.453411	Diffusion loss (test): 0.000000
State population:
[0.00688471 0.0090268  0.7336884  0.25040007]
Relative state population change=0.317715
training loss change=-0.000304
Epoch 5:	Time 169.531789 s
Loss (train) 0.450052	KL loss (train): 28.046932
Reconstruction loss (train) 0.449772	Diffusion loss (train): 0.000000
Loss (test) 0.453221	KL loss (test): 28.077288
Reconstruction loss (test) 0.452940	Diffusion loss (test): 0.000000
State population:
[6.6680004e-05 5.6011202e-03 7.4532408e-01 2.4900813e-01]
Relative state population change=0.530336
training loss change=0.000155
Epoch 6:	Time 172.689992 s
Loss (train) 0.449811	KL loss (train): 28.072138
Reconstruction loss (train) 0.449530	Diffusion loss (train): 0.000000
Loss (test) 0.453957	KL loss (test): 28.088953
Reconstruction loss (test) 0.453676	Diffusion loss (test): 0.000000
State population:
[0.01278589 0.00536774 0.7308212  0.2510252 ]
Relative state population change=95.374992
training loss change=-0.000241
Epoch 7:	Time 173.379875 s
Loss (train) 0.449531	KL loss (train): 28.077078
Reconstruction loss (train) 0.449250	Diffusion loss (train): 0.000000
Loss (test) 0.454020	KL loss (test): 28.101858
Reconstruction loss (test) 0.453739	Diffusion loss (test): 0.000000
State population:
[0.00561779 0.00148363 0.7441155  0.2487831 ]
Relative state population change=0.457797
training loss change=-0.000280
Epoch 8:	Time 174.065352 s
Loss (train) 0.449813	KL loss (train): 28.117294
Reconstruction loss (train) 0.449532	Diffusion loss (train): 0.000000
Loss (test) 0.453606	KL loss (test): 28.147842
Reconstruction loss (test) 0.453324	Diffusion loss (test): 0.000000
State population:
[0.0085017  0.00457592 0.73793924 0.24898313]
Relative state population change=1.073287
training loss change=0.000282
Total training time: 174.208018
Epoch 1:	Time 8.897468 s
Loss (train) 0.266863	KL loss (train): 5.270406
Reconstruction loss (train) 0.266800	Diffusion loss (train): 0.989706
Loss (test) 0.269079	KL loss (test): 5.277993
Reconstruction loss (test) 0.269018	Diffusion loss (test): 0.795384
State population:
[0.         0.         0.7513169  0.24868307]
Relative state population change=0.707165
training loss change=0.266863
Epoch 2:	Time 18.512511 s
Loss (train) 0.264554	KL loss (train): 5.298348
Reconstruction loss (train) 0.264494	Diffusion loss (train): 0.695100
Loss (test) 0.265809	KL loss (test): 5.308296
Reconstruction loss (test) 0.265749	Diffusion loss (test): 0.655087
State population:
[0.         0.         0.75235045 0.24764954]
Relative state population change=0.003096
training loss change=-0.002309
Epoch 3:	Time 27.168492 s
Loss (train) 0.263832	KL loss (train): 5.318025
Reconstruction loss (train) 0.263773	Diffusion loss (train): 0.635597
Loss (test) 0.265183	KL loss (test): 5.338192
Reconstruction loss (test) 0.265123	Diffusion loss (test): 0.626531
State population:
[0.         0.         0.7545759  0.24542409]
Relative state population change=0.006690
training loss change=-0.000722
Epoch 4:	Time 35.916837 s
Loss (train) 0.263584	KL loss (train): 5.339121
Reconstruction loss (train) 0.263525	Diffusion loss (train): 0.621526
Loss (test) 0.265059	KL loss (test): 5.360226
Reconstruction loss (test) 0.264999	Diffusion loss (test): 0.618416
State population:
[0.        0.        0.7573598 0.2426402]
Relative state population change=0.008434
training loss change=-0.000248
Epoch 5:	Time 44.794063 s
Loss (train) 0.263375	KL loss (train): 5.384310
Reconstruction loss (train) 0.263315	Diffusion loss (train): 0.611077
Loss (test) 0.263827	KL loss (test): 5.394411
Reconstruction loss (test) 0.263767	Diffusion loss (test): 0.614816
State population:
[0.         0.         0.75500935 0.24499066]
Relative state population change=0.007193
training loss change=-0.000209
Epoch 6:	Time 53.450933 s
Loss (train) 0.262861	KL loss (train): 5.402204
Reconstruction loss (train) 0.262801	Diffusion loss (train): 0.606198
Loss (test) 0.265069	KL loss (test): 5.398643
Reconstruction loss (test) 0.265009	Diffusion loss (test): 0.603687
State population:
[0.         0.         0.7533507  0.24664932]
Relative state population change=0.005033
training loss change=-0.000514
Epoch 7:	Time 62.384212 s
Loss (train) 0.262295	KL loss (train): 5.409921
Reconstruction loss (train) 0.262235	Diffusion loss (train): 0.601276
Loss (test) 0.264157	KL loss (test): 5.393847
Reconstruction loss (test) 0.264097	Diffusion loss (test): 0.598104
State population:
[0.         0.         0.7537174  0.24628259]
Relative state population change=0.001106
training loss change=-0.000566
Epoch 8:	Time 71.337437 s
Loss (train) 0.262355	KL loss (train): 5.406546
Reconstruction loss (train) 0.262295	Diffusion loss (train): 0.594955
Loss (test) 0.264703	KL loss (test): 5.419198
Reconstruction loss (test) 0.264643	Diffusion loss (test): 0.591769
State population:
[0.       0.       0.756693 0.243307]
Relative state population change=0.008988
training loss change=0.000060
Total training time: 75.887943
